This is XeTeX, Version 3.141592653-2.6-0.999996 (TeX Live 2024/Arch Linux) (preloaded format=xelatex 2024.10.5)  5 OCT 2024 09:35
entering extended mode
 restricted \write18 enabled.
 %&-line parsing enabled.
**esp32-c3breadboardadapter.tex
(./esp32-c3breadboardadapter.tex
LaTeX2e <2023-11-01> patch level 1
L3 programming layer <2024-02-20>
(./sphinxmanual.cls
Document Class: sphinxmanual 2019/12/01 v2.3.0 Document class (Sphinx manual)
(/usr/share/texmf-dist/tex/latex/base/report.cls
Document Class: report 2023/05/17 v1.4n Standard LaTeX document class
(/usr/share/texmf-dist/tex/latex/base/size10.clo
File: size10.clo 2023/05/17 v1.4n Standard LaTeX file (size option)
)
\c@part=\count184
\c@chapter=\count185
\c@section=\count186
\c@subsection=\count187
\c@subsubsection=\count188
\c@paragraph=\count189
\c@subparagraph=\count190
\c@figure=\count191
\c@table=\count192
\abovecaptionskip=\skip48
\belowcaptionskip=\skip49
\bibindent=\dimen140
)
LaTeX Info: Redefining \and on input line 35.
)
\sphinxpxdimen=\dimen141

(/usr/share/texmf-dist/tex/latex/cmap/cmap.sty
Package: cmap 2021/02/06 v1.0j CMap support: searchable PDF


Package cmap Warning: pdftex not detected - exiting.

) (/usr/share/texmf-dist/tex/latex/fontspec/fontspec.sty
(/usr/share/texmf-dist/tex/latex/l3packages/xparse/xparse.sty
(/usr/share/texmf-dist/tex/latex/l3kernel/expl3.sty
Package: expl3 2024-02-20 L3 programming layer (loader) 

(/usr/share/texmf-dist/tex/latex/l3backend/l3backend-xetex.def
File: l3backend-xetex.def 2024-02-20 L3 backend support: XeTeX
\g__graphics_track_int=\count193
\l__pdf_internal_box=\box51
\g__pdf_backend_object_int=\count194
\g__pdf_backend_annotation_int=\count195
\g__pdf_backend_link_int=\count196
))
Package: xparse 2024-02-18 L3 Experimental document command parser
)
Package: fontspec 2024/02/13 v2.9a Font selection for XeLaTeX and LuaLaTeX

(/usr/share/texmf-dist/tex/latex/fontspec/fontspec-xetex.sty
Package: fontspec-xetex 2024/02/13 v2.9a Font selection for XeLaTeX and LuaLaTe
X
\l__fontspec_script_int=\count197
\l__fontspec_language_int=\count198
\l__fontspec_strnum_int=\count199
\l__fontspec_tmp_int=\count266
\l__fontspec_tmpa_int=\count267
\l__fontspec_tmpb_int=\count268
\l__fontspec_tmpc_int=\count269
\l__fontspec_em_int=\count270
\l__fontspec_emdef_int=\count271
\l__fontspec_strong_int=\count272
\l__fontspec_strongdef_int=\count273
\l__fontspec_tmpa_dim=\dimen142
\l__fontspec_tmpb_dim=\dimen143
\l__fontspec_tmpc_dim=\dimen144

(/usr/share/texmf-dist/tex/latex/base/fontenc.sty
Package: fontenc 2021/04/29 v2.0v Standard LaTeX package
)
(/usr/share/texmf-dist/tex/latex/fontspec/fontspec.cfg)))
(/usr/share/texmf-dist/tex/latex/amsmath/amsmath.sty
Package: amsmath 2023/05/13 v2.17o AMS math features
\@mathmargin=\skip50

For additional information on amsmath, use the `?' option.
(/usr/share/texmf-dist/tex/latex/amsmath/amstext.sty
Package: amstext 2021/08/26 v2.01 AMS text

(/usr/share/texmf-dist/tex/latex/amsmath/amsgen.sty
File: amsgen.sty 1999/11/30 v2.0 generic functions
\@emptytoks=\toks17
\ex@=\dimen145
))
(/usr/share/texmf-dist/tex/latex/amsmath/amsbsy.sty
Package: amsbsy 1999/11/29 v1.2d Bold Symbols
\pmbraise@=\dimen146
)
(/usr/share/texmf-dist/tex/latex/amsmath/amsopn.sty
Package: amsopn 2022/04/08 v2.04 operator names
)
\inf@bad=\count274
LaTeX Info: Redefining \frac on input line 234.
\uproot@=\count275
\leftroot@=\count276
LaTeX Info: Redefining \overline on input line 399.
LaTeX Info: Redefining \colon on input line 410.
\classnum@=\count277
\DOTSCASE@=\count278
LaTeX Info: Redefining \ldots on input line 496.
LaTeX Info: Redefining \dots on input line 499.
LaTeX Info: Redefining \cdots on input line 620.
\Mathstrutbox@=\box52
\strutbox@=\box53
LaTeX Info: Redefining \big on input line 722.
LaTeX Info: Redefining \Big on input line 723.
LaTeX Info: Redefining \bigg on input line 724.
LaTeX Info: Redefining \Bigg on input line 725.
\big@size=\dimen147
LaTeX Font Info:    Redeclaring font encoding OML on input line 743.
LaTeX Font Info:    Redeclaring font encoding OMS on input line 744.
\macc@depth=\count279
LaTeX Info: Redefining \bmod on input line 905.
LaTeX Info: Redefining \pmod on input line 910.
LaTeX Info: Redefining \smash on input line 940.
LaTeX Info: Redefining \relbar on input line 970.
LaTeX Info: Redefining \Relbar on input line 971.
\c@MaxMatrixCols=\count280
\dotsspace@=\muskip16
\c@parentequation=\count281
\dspbrk@lvl=\count282
\tag@help=\toks18
\row@=\count283
\column@=\count284
\maxfields@=\count285
\andhelp@=\toks19
\eqnshift@=\dimen148
\alignsep@=\dimen149
\tagshift@=\dimen150
\tagwidth@=\dimen151
\totwidth@=\dimen152
\lineht@=\dimen153
\@envbody=\toks20
\multlinegap=\skip51
\multlinetaggap=\skip52
\mathdisplay@stack=\toks21
LaTeX Info: Redefining \[ on input line 2953.
LaTeX Info: Redefining \] on input line 2954.
)
(/usr/share/texmf-dist/tex/latex/amsfonts/amssymb.sty
Package: amssymb 2013/01/14 v3.01 AMS font symbols

(/usr/share/texmf-dist/tex/latex/amsfonts/amsfonts.sty
Package: amsfonts 2013/01/14 v3.01 Basic AMSFonts support
\symAMSa=\mathgroup4
\symAMSb=\mathgroup5
LaTeX Font Info:    Redeclaring math symbol \hbar on input line 98.
LaTeX Font Info:    Overwriting math alphabet `\mathfrak' in version `bold'
(Font)                  U/euf/m/n --> U/euf/b/n on input line 106.
))
(/usr/share/texmf-dist/tex/latex/polyglossia/polyglossia.sty
Package: polyglossia 2024/03/07 v2.1 Modern multilingual typesetting with XeLaT
eX and LuaLaTeX

(/usr/share/texmf-dist/tex/latex/etoolbox/etoolbox.sty
Package: etoolbox 2020/10/05 v2.5k e-TeX tools for LaTeX (JAW)
\etb@tempcnta=\count286
)
(/usr/share/texmf-dist/tex/latex/xkeyval/xkeyval.sty
Package: xkeyval 2022/06/16 v2.9 package option processing (HA)

(/usr/share/texmf-dist/tex/generic/xkeyval/xkeyval.tex
(/usr/share/texmf-dist/tex/generic/xkeyval/xkvutils.tex
\XKV@toks=\toks22
\XKV@tempa@toks=\toks23

(/usr/share/texmf-dist/tex/generic/xkeyval/keyval.tex))
\XKV@depth=\count287
File: xkeyval.tex 2014/12/03 v2.7a key=value parser (HA)
))
(/usr/share/texmf-dist/tex/generic/iftex/iftex.sty
Package: iftex 2022/02/03 v1.0f TeX engine tests
)
(/usr/share/texmf-dist/tex/latex/polyglossia/gloss-latex.ldf
File: gloss-latex.ldf polyglossia: module for default language
)
Package polyglossia Info: Default language is latex.
)
(/usr/share/texmf-dist/tex/latex/polyglossia/gloss-english.ldf
File: gloss-english.ldf polyglossia: module for English
Package polyglossia Info: Option: English, variant=american.
)
Package polyglossia Info: Default language is english.

Package fontspec Info: Font family 'DejaVuSerif(0)' created for font 'DejaVu
(fontspec)             Serif' with options [].
(fontspec)              
(fontspec)              This font family consists of the following NFSS
(fontspec)             series/shapes:
(fontspec)              
(fontspec)             - 'normal' (m/n) with NFSS spec.: <->"DejaVu
(fontspec)             Serif/OT:script=latn;language=dflt;"
(fontspec)             - 'small caps'  (m/sc) with NFSS spec.: 
(fontspec)             - 'bold' (b/n) with NFSS spec.: <->"DejaVu
(fontspec)             Serif/B/OT:script=latn;language=dflt;"
(fontspec)             - 'bold small caps'  (b/sc) with NFSS spec.: 
(fontspec)             - 'italic' (m/it) with NFSS spec.: <->"DejaVu
(fontspec)             Serif/I/OT:script=latn;language=dflt;"
(fontspec)             - 'italic small caps'  (m/scit) with NFSS spec.: 
(fontspec)             - 'bold italic' (b/it) with NFSS spec.: <->"DejaVu
(fontspec)             Serif/BI/OT:script=latn;language=dflt;"
(fontspec)             - 'bold italic small caps'  (b/scit) with NFSS spec.: 


Package fontspec Info: Font family 'DejaVuSans(0)' created for font 'DejaVu
(fontspec)             Sans' with options [].
(fontspec)              
(fontspec)              This font family consists of the following NFSS
(fontspec)             series/shapes:
(fontspec)              
(fontspec)             - 'normal' (m/n) with NFSS spec.: <->"DejaVu
(fontspec)             Sans/OT:script=latn;language=dflt;"
(fontspec)             - 'small caps'  (m/sc) with NFSS spec.: 
(fontspec)             - 'bold' (b/n) with NFSS spec.: <->"DejaVu
(fontspec)             Sans/B/OT:script=latn;language=dflt;"
(fontspec)             - 'bold small caps'  (b/sc) with NFSS spec.: 
(fontspec)             - 'italic' (m/it) with NFSS spec.: <->"DejaVu
(fontspec)             Sans/I/OT:script=latn;language=dflt;"
(fontspec)             - 'italic small caps'  (m/scit) with NFSS spec.: 
(fontspec)             - 'bold italic' (b/it) with NFSS spec.: <->"DejaVu
(fontspec)             Sans/BI/OT:script=latn;language=dflt;"
(fontspec)             - 'bold italic small caps'  (b/scit) with NFSS spec.: 


Package fontspec Info: Font family 'DejaVuSansMono(0)' created for font
(fontspec)             'DejaVu Sans Mono' with options [].
(fontspec)              
(fontspec)              This font family consists of the following NFSS
(fontspec)             series/shapes:
(fontspec)              
(fontspec)             - 'normal' (m/n) with NFSS spec.: <->"DejaVu Sans
(fontspec)             Mono/OT:script=latn;language=dflt;"
(fontspec)             - 'small caps'  (m/sc) with NFSS spec.: 
(fontspec)             - 'bold' (b/n) with NFSS spec.: <->"DejaVu Sans
(fontspec)             Mono/B/OT:script=latn;language=dflt;"
(fontspec)             - 'bold small caps'  (b/sc) with NFSS spec.: 
(fontspec)             - 'italic' (m/it) with NFSS spec.: <->"DejaVu Sans
(fontspec)             Mono/I/OT:script=latn;language=dflt;"
(fontspec)             - 'italic small caps'  (m/scit) with NFSS spec.: 
(fontspec)             - 'bold italic' (b/it) with NFSS spec.: <->"DejaVu Sans
(fontspec)             Mono/BI/OT:script=latn;language=dflt;"
(fontspec)             - 'bold italic small caps'  (b/scit) with NFSS spec.: 



! LaTeX Error: File `fncychap.sty' not found.

Type X to quit or <RETURN> to proceed,
or enter new name. (Default extension: sty)

Enter file name: doc.pdf

! LaTeX Error: File `doc.pdf' not found.

Type X to quit or <RETURN> to proceed,
or enter new name. (Default extension: pdf)

Enter file name: 
(./sphinx.sty
Package: sphinx 2024/07/01 v7.4.0 Sphinx LaTeX package (sphinx-doc)
 (/usr/share/texmf-dist/tex/generic/ltxcmds/ltxcmds.sty
Package: ltxcmds 2023-12-04 v1.26 LaTeX kernel commands for general use (HO)
)
(/usr/share/texmf-dist/tex/latex/xcolor/xcolor.sty
Package: xcolor 2023/11/15 v3.01 LaTeX color extensions (UK)

(/usr/share/texmf-dist/tex/latex/graphics-cfg/color.cfg
File: color.cfg 2016/01/02 v1.6 sample color configuration
)
Package xcolor Info: Driver file: xetex.def on input line 274.

(/usr/share/texmf-dist/tex/latex/graphics-def/xetex.def
File: xetex.def 2022/09/22 v5.0n Graphics/color driver for xetex
)
(/usr/share/texmf-dist/tex/latex/graphics/mathcolor.ltx)
Package xcolor Info: Model `cmy' substituted by `cmy0' on input line 1350.
Package xcolor Info: Model `RGB' extended on input line 1366.
Package xcolor Info: Model `HTML' substituted by `rgb' on input line 1368.
Package xcolor Info: Model `Hsb' substituted by `hsb' on input line 1369.
Package xcolor Info: Model `tHsb' substituted by `hsb' on input line 1370.
Package xcolor Info: Model `HSB' substituted by `hsb' on input line 1371.
Package xcolor Info: Model `Gray' substituted by `gray' on input line 1372.
Package xcolor Info: Model `wave' substituted by `hsb' on input line 1373.
)
(/usr/share/texmf-dist/tex/latex/kvoptions/kvoptions.sty
Package: kvoptions 2022-06-15 v3.15 Key value format for package options (HO)

(/usr/share/texmf-dist/tex/latex/kvsetkeys/kvsetkeys.sty
Package: kvsetkeys 2022-10-05 v1.19 Key value parser (HO)
))
(./sphinxoptionshyperref.sty
File: sphinxoptionshyperref.sty 2021/01/27 hyperref
) (./sphinxoptionsgeometry.sty
File: sphinxoptionsgeometry.sty 2021/01/27 geometry
)
(/usr/share/texmf-dist/tex/latex/base/textcomp.sty
Package: textcomp 2020/02/02 v2.0n Standard LaTeX package
)
(/usr/share/texmf-dist/tex/latex/float/float.sty
Package: float 2001/11/08 v1.3d Float enhancements (AL)
\c@float@type=\count288
\float@exts=\toks24
\float@box=\box54
\@float@everytoks=\toks25
\@floatcapt=\box55
)

! LaTeX Error: File `wrapfig.sty' not found.

Type X to quit or <RETURN> to proceed,
or enter new name. (Default extension: sty)

Enter file name: 

! LaTeX Error: File `capt-of.sty' not found.

Type X to quit or <RETURN> to proceed,
or enter new name. (Default extension: sty)

Enter file name: 
(/usr/share/texmf-dist/tex/latex/tools/multicol.sty
Package: multicol 2023/03/30 v1.9f multicolumn formatting (FMi)
\c@tracingmulticols=\count289
\mult@box=\box56
\multicol@leftmargin=\dimen154
\c@unbalance=\count290
\c@collectmore=\count291
\doublecol@number=\count292
\multicoltolerance=\count293
\multicolpretolerance=\count294
\full@width=\dimen155
\page@free=\dimen156
\premulticols=\dimen157
\postmulticols=\dimen158
\multicolsep=\skip53
\multicolbaselineskip=\skip54
\partial@page=\box57
\last@line=\box58
\mc@boxedresult=\box59
\maxbalancingoverflow=\dimen159
\mult@rightbox=\box60
\mult@grightbox=\box61
\mult@firstbox=\box62
\mult@gfirstbox=\box63
\@tempa=\box64
\@tempa=\box65
\@tempa=\box66
\@tempa=\box67
\@tempa=\box68
\@tempa=\box69
\@tempa=\box70
\@tempa=\box71
\@tempa=\box72
\@tempa=\box73
\@tempa=\box74
\@tempa=\box75
\@tempa=\box76
\@tempa=\box77
\@tempa=\box78
\@tempa=\box79
\@tempa=\box80
\@tempa=\box81
\@tempa=\box82
\@tempa=\box83
\@tempa=\box84
\@tempa=\box85
\@tempa=\box86
\@tempa=\box87
\@tempa=\box88
\@tempa=\box89
\@tempa=\box90
\@tempa=\box91
\@tempa=\box92
\@tempa=\box93
\@tempa=\box94
\@tempa=\box95
\@tempa=\box96
\@tempa=\box97
\@tempa=\box98
\@tempa=\box99
\c@minrows=\count295
\c@columnbadness=\count296
\c@finalcolumnbadness=\count297
\last@try=\dimen160
\multicolovershoot=\dimen161
\multicolundershoot=\dimen162
\mult@nat@firstbox=\box100
\colbreak@box=\box101
\mc@col@check@num=\count298
)
(/usr/share/texmf-dist/tex/latex/graphics/graphicx.sty
Package: graphicx 2021/09/16 v1.2d Enhanced LaTeX Graphics (DPC,SPQR)

(/usr/share/texmf-dist/tex/latex/graphics/graphics.sty
Package: graphics 2022/03/10 v1.4e Standard LaTeX Graphics (DPC,SPQR)

(/usr/share/texmf-dist/tex/latex/graphics/trig.sty
Package: trig 2021/08/11 v1.11 sin cos tan (DPC)
)
(/usr/share/texmf-dist/tex/latex/graphics-cfg/graphics.cfg
File: graphics.cfg 2016/06/04 v1.11 sample graphics configuration
)
Package graphics Info: Driver file: xetex.def on input line 107.
)
\Gin@req@height=\dimen163
\Gin@req@width=\dimen164
)
(./sphinxlatexgraphics.sty
File: sphinxlatexgraphics.sty 2021/01/27 graphics
\spx@image@maxheight=\dimen165
\spx@image@box=\box102
) (./sphinxpackageboxes.sty
Package: sphinxpackageboxes 2024/07/01 v7.4.0 advanced colored boxes


Package sphinx Warning: The package pict2e is required for rounded boxes.
(sphinx)                It does not seem to be available on your system.
(sphinx)                Options for setting radii will be ignored.


Package sphinx Warning: The package ellipse is required for elliptical corners.

(sphinx)                It does not seem to be available on your system.
(sphinx)                All non-straight corners will use circle arcs..

\spx@tempboxa=\box103
\spx@tempboxb=\box104
\spx@boxes@border@top=\dimen166
\spx@boxes@border@right=\dimen167
\spx@boxes@border@bottom=\dimen168
\spx@boxes@border@left=\dimen169
\spx@boxes@padding@top=\dimen170
\spx@boxes@padding@right=\dimen171
\spx@boxes@padding@bottom=\dimen172
\spx@boxes@padding@left=\dimen173
\spx@boxes@shadow@xoffset=\dimen174
\spx@boxes@shadow@yoffset=\dimen175
\spx@boxes@radius@topleft@x=\dimen176
\spx@boxes@radius@topright@x=\dimen177
\spx@boxes@radius@bottomright@x=\dimen178
\spx@boxes@radius@bottomleft@x=\dimen179
\spx@boxes@radius@topleft@y=\dimen180
\spx@boxes@radius@topright@y=\dimen181
\spx@boxes@radius@bottomright@y=\dimen182
\spx@boxes@radius@bottomleft@y=\dimen183
) (./sphinxlatexadmonitions.sty
File: sphinxlatexadmonitions.sty 2024/07/01 v7.4.0 admonitions


! LaTeX Error: File `framed.sty' not found.

Type X to quit or <RETURN> to proceed,
or enter new name. (Default extension: sty)

Enter file name: 
\spx@notice@border=\dimen184
\c@sphinxtodo=\count299
) (./sphinxlatexliterals.sty
File: sphinxlatexliterals.sty 2024/07/01 v7.4.0 code-blocks and parsed literals



! LaTeX Error: File `framed.sty' not found.

Type X to quit or <RETURN> to proceed,
or enter new name. (Default extension: sty)

Enter file name: 
(/usr/share/texmf-dist/tex/latex/fancyvrb/fancyvrb.sty
Package: fancyvrb 2024/01/20 4.5c verbatim text (tvz,hv)
\FV@CodeLineNo=\count300
\FV@InFile=\read2
\FV@TabBox=\box105
\c@FancyVerbLine=\count301
\FV@StepNumber=\count302
\FV@OutFile=\write3
)
(/usr/share/texmf-dist/tex/latex/base/alltt.sty
Package: alltt 2021/01/29 v2.0g defines alltt environment
)

! LaTeX Error: File `upquote.sty' not found.

Type X to quit or <RETURN> to proceed,
or enter new name. (Default extension: sty)

Enter file name: 

! LaTeX Error: File `needspace.sty' not found.

Type X to quit or <RETURN> to proceed,
or enter new name. (Default extension: sty)

Enter file name: 
\sphinxcontinuationbox=\box106
\sphinxvisiblespacebox=\box107
\sphinxVerbatim@TitleBox=\box108
\sphinxVerbatim@ContentsBox=\box109
) (./sphinxlatexshadowbox.sty
File: sphinxlatexshadowbox.sty 2023/03/19 sphinxShadowBox


! LaTeX Error: File `framed.sty' not found.

Type X to quit or <RETURN> to proceed,
or enter new name. (Default extension: sty)

Enter file name: 
) (./sphinxlatexcontainers.sty
File: sphinxlatexcontainers.sty 2021/05/03 containers
) (./sphinxhighlight.sty
Package: sphinxhighlight 2022/06/30 stylesheet for highlighting with pygments
)
(./sphinxlatextables.sty
File: sphinxlatextables.sty 2024/07/01 v7.4.0 tables


! LaTeX Error: File `tabulary.sty' not found.

Type X to quit or <RETURN> to proceed,
or enter new name. (Default extension: sty)

Enter file name: 
! Undefined control sequence.
<recently read> \newcolumntype 
                               
l.69 \newcolumntype
                   {\X}[2]{p{\dimexpr
? 
! Undefined control sequence.
l.69 \newcolumntype{\X
                      }[2]{p{\dimexpr
? 

! LaTeX Error: Missing \begin{document}.

See the LaTeX manual or LaTeX Companion for explanation.
Type  H <return>  for immediate help.
 ...                                              
                                                  
l.69 \newcolumntype{\X}[
                        2]{p{\dimexpr
? 
! You can't use `\dimexpr' in horizontal mode.
l.69 \newcolumntype{\X}[2]{p{\dimexpr
                                     
? 
! Undefined control sequence.
l.70       (\linewidth-\spx@arrayrulewidth
                                          )*#1/#2-\tw@\tabcolsep-\spx@arrayr...

? 
! Missing number, treated as zero.
<to be read again> 
                   )
l.70       (\linewidth-\spx@arrayrulewidth)
                                           *#1/#2-\tw@\tabcolsep-\spx@arrayr...

? 
! Illegal unit of measure (pt inserted).
<to be read again> 
                   )
l.70       (\linewidth-\spx@arrayrulewidth)
                                           *#1/#2-\tw@\tabcolsep-\spx@arrayr...

? 
! You can't use `macro parameter character #' in horizontal mode.
l.70       (\linewidth-\spx@arrayrulewidth)*#
                                             1/#2-\tw@\tabcolsep-\spx@arrayr...

? 
! You can't use `macro parameter character #' in horizontal mode.
l.70       (\linewidth-\spx@arrayrulewidth)*#1/#
                                                2-\tw@\tabcolsep-\spx@arrayr...

? 
Missing character: There is no ^^B (U+0002) in font DejaVu Serif/OT:script=latn
;language=dflt;!
! Undefined control sequence.
l.70 ...)*#1/#2-\tw@\tabcolsep-\spx@arrayrulewidth
                                                  \relax}}
? 
! Missing number, treated as zero.
<to be read again> 
                   \relax 
l.70 ...2-\tw@\tabcolsep-\spx@arrayrulewidth\relax
                                                  }}
? 
! Illegal unit of measure (pt inserted).
<to be read again> 
                   \relax 
l.70 ...2-\tw@\tabcolsep-\spx@arrayrulewidth\relax
                                                  }}
? 
! Undefined control sequence.
l.71 \newcolumntype
                   {\Y}[1]{p{\dimexpr
? 
! Undefined control sequence.
l.71 \newcolumntype{\Y
                      }[1]{p{\dimexpr
? 
! You can't use `\dimexpr' in horizontal mode.
l.71 \newcolumntype{\Y}[1]{p{\dimexpr
                                     
? 
! You can't use `macro parameter character #' in horizontal mode.
l.72       #
            1\dimexpr\linewidth-\spx@arrayrulewidth\relax-\tw@\tabcolsep-\sp...

? 
! You can't use `\dimexpr' in horizontal mode.
l.72       #1\dimexpr
                     \linewidth-\spx@arrayrulewidth\relax-\tw@\tabcolsep-\sp...

? 
! Undefined control sequence.
l.72 ...  #1\dimexpr\linewidth-\spx@arrayrulewidth
                                                  \relax-\tw@\tabcolsep-\spx...

? 
! Missing number, treated as zero.
<to be read again> 
                   \relax 
l.72 ...imexpr\linewidth-\spx@arrayrulewidth\relax
                                                  -\tw@\tabcolsep-\spx@array...

? 
! Illegal unit of measure (pt inserted).
<to be read again> 
                   \relax 
l.72 ...imexpr\linewidth-\spx@arrayrulewidth\relax
                                                  -\tw@\tabcolsep-\spx@array...

? 
Missing character: There is no ^^B (U+0002) in font DejaVu Serif/OT:script=latn
;language=dflt;!
! Undefined control sequence.
l.72 ...h\relax-\tw@\tabcolsep-\spx@arrayrulewidth
                                                  \relax}}
? 
! Missing number, treated as zero.
<to be read again> 
                   \relax 
l.72 ...x-\tw@\tabcolsep-\spx@arrayrulewidth\relax
                                                  }}
? 
! Illegal unit of measure (pt inserted).
<to be read again> 
                   \relax 
l.72 ...x-\tw@\tabcolsep-\spx@arrayrulewidth\relax
                                                  }}
? 
! Undefined control sequence.
l.78 \newcolumntype
                   {T}{J}%
? 
(/usr/share/texmf-dist/tex/latex/tools/longtable.sty
Package: longtable 2023-11-01 v4.19 Multi-page Table package (DPC)
\LTleft=\skip55
\LTright=\skip56
\LTpre=\skip57
\LTpost=\skip58
\LTchunksize=\count303
\LTcapwidth=\dimen185
\LT@head=\box110
\LT@firsthead=\box111
\LT@foot=\box112
\LT@lastfoot=\box113
\LT@gbox=\box114
\LT@cols=\count304
\LT@rows=\count305
\c@LT@tables=\count306
\c@LT@chunks=\count307
\LT@p@ftn=\toks26
)

! LaTeX Error: File `varwidth.sty' not found.

Type X to quit or <RETURN> to proceed,
or enter new name. (Default extension: sty)

Enter file name: 
! Undefined control sequence.
<argument> \tymin 
                  
l.225 \setlength{\tymin}{3\fontcharwd\font`0 }
                                              % minimal width of "squeezed" ...

? 

! LaTeX Error: Missing \begin{document}.

See the LaTeX manual or LaTeX Companion for explanation.
Type  H <return>  for immediate help.
 ...                                              
                                                  
l.225 \setlength{\tymin}{3\fontcharwd\font`0 }
                                              % minimal width of "squeezed" ...

? 
! You can't use `\fontcharwd' in horizontal mode.
<argument> 3\fontcharwd 
                        \font `0 
l.225 \setlength{\tymin}{3\fontcharwd\font`0 }
                                              % minimal width of "squeezed" ...

? 
! Missing control sequence inserted.
<inserted text> 
                \inaccessible 
l.225 \setlength{\tymin}{3\fontcharwd\font`0 }
                                              % minimal width of "squeezed" ...

? 
! Font \inaccessible=`0 not loadable: Metric (TFM) file or installed font not f
ound.
<to be read again> 
                   \relax 
l.225 \setlength{\tymin}{3\fontcharwd\font`0 }
                                              % minimal width of "squeezed" ...

? 
! Undefined control sequence.
<argument> \tymax 
                  
l.226 \setlength{\tymax}{10000pt}
                                 % allow enough room for paragraphs to "comp...

? 
\sphinx@TY@tablewidth=\dimen186
! Undefined control sequence.
l.239 \expandafter\sphinx@tempa\TY@tab
                                      \sphinx@tempa
? 
Runaway argument?
\sphinx@tempa \def \sphinxstartmulticolumn ##1##2{\ifx \sphinxmultirow \ETC.
! Paragraph ended before \sphinx@tempa was complete.
<to be read again> 
                   \par 
l.420 
      
? 
(/usr/share/texmf-dist/tex/latex/colortbl/colortbl.sty
Package: colortbl 2024/02/20 v1.0g Color table columns (DPC)

(/usr/share/texmf-dist/tex/latex/tools/array.sty
Package: array 2023/10/16 v2.5g Tabular extension package (FMi)
\col@sep=\dimen187
\ar@mcellbox=\box115
\extrarowheight=\dimen188
\NC@list=\toks27
\extratabsurround=\skip59
\backup@length=\skip60
\ar@cellbox=\box116
)
\everycr=\toks28
\minrowclearance=\skip61
\rownum=\count308
)
(/usr/share/texmf-dist/tex/latex/booktabs/booktabs.sty
Package: booktabs 2020/01/12 v1.61803398 Publication quality tables
\heavyrulewidth=\dimen189
\lightrulewidth=\dimen190
\cmidrulewidth=\dimen191
\belowrulesep=\dimen192
\belowbottomsep=\dimen193
\aboverulesep=\dimen194
\abovetopsep=\dimen195
\cmidrulesep=\dimen196
\cmidrulekern=\dimen197
\defaultaddspace=\dimen198
\@cmidla=\count309
\@cmidlb=\count310
\@aboverulesep=\dimen199
\@belowrulesep=\dimen256
\@thisruleclass=\count311
\@lastruleclass=\count312
\@thisrulewidth=\dimen257
))
(./sphinxlatexnumfig.sty
File: sphinxlatexnumfig.sty 2021/01/27 numbering
) (./sphinxlatexlists.sty
File: sphinxlatexlists.sty 2021/12/20 lists
\spx@lineitemlabel=\toks29
)
\c@sphinxscope=\count313
 (./sphinxpackagefootnote.sty
Package: sphinxpackagefootnote 2024/05/17 v7.3.x Sphinx custom footnotehyper pa
ckage (Sphinx team)
\FNH@notes=\box117
\FNH@toks=\toks30
\FNH@width=\dimen258
\c@sphinxfootnotemark=\count314
) (./sphinxlatexindbibtoc.sty
File: sphinxlatexindbibtoc.sty 2021/01/27 index, bib., toc
 (/usr/share/texmf-dist/tex/latex/base/makeidx.sty
Package: makeidx 2021/10/04 v1.0m Standard LaTeX package
)) (./sphinxlatexstylepage.sty
File: sphinxlatexstylepage.sty 2021/01/27 page styling

(/usr/share/texmf-dist/tex/latex/parskip/parskip.sty
Rollback for package 'parskip' requested -> version 'v1'.
         This corresponds to the release introduced on 2001-04-09.

(/usr/share/texmf-dist/tex/latex/parskip/parskip-2001-04-09.sty
Package: parskip 2001/04/09 non-zero parskip adjustments
))
(/usr/share/texmf-dist/tex/latex/fancyhdr/fancyhdr.sty
Package: fancyhdr 2022/11/09 v4.1 Extensive control of page headers and footers

\f@nch@headwidth=\skip62
\f@nch@O@elh=\skip63
\f@nch@O@erh=\skip64
\f@nch@O@olh=\skip65
\f@nch@O@orh=\skip66
\f@nch@O@elf=\skip67
\f@nch@O@erf=\skip68
\f@nch@O@olf=\skip69
\f@nch@O@orf=\skip70
))
(./sphinxlatexstyleheadings.sty
File: sphinxlatexstyleheadings.sty 2023/02/11 headings


! LaTeX Error: File `titlesec.sty' not found.

Type X to quit or <RETURN> to proceed,
or enter new name. (Default extension: sty)

Enter file name: 
! Undefined control sequence.
l.35 \titleformat
                 {\section}{\Large\py@HeaderFamily}%
? 

! LaTeX Error: Missing \begin{document}.

See the LaTeX manual or LaTeX Companion for explanation.
Type  H <return>  for immediate help.
 ...                                              
                                                  
l.35 \titleformat{\section
                          }{\Large\py@HeaderFamily}%
? 
! Argument of \@xdblarg has an extra }.
<inserted text> 
                \par 
l.35 \titleformat{\section}
                           {\Large\py@HeaderFamily}%
? 
Runaway argument?
! Paragraph ended before \@xdblarg was complete.
<to be read again> 
                   \par 
l.35 \titleformat{\section}
                           {\Large\py@HeaderFamily}%
? 
! Undefined control sequence.
l.35 \titleformat{\section}{\Large\py@HeaderFamily
                                                  }%
? 

! LaTeX Error: Missing \begin{document}.

See the LaTeX manual or LaTeX Companion for explanation.
Type  H <return>  for immediate help.
 ...                                              
                                                  
l.36             {\py@TitleColor\thesection
                                           }{0.5em}{\py@TitleColor}
? 
! Undefined control sequence.
l.37 \titleformat
                 {\subsection}{\large\py@HeaderFamily}%
? 
! Argument of \@xdblarg has an extra }.
<inserted text> 
                \par 
l.37 \titleformat{\subsection}
                              {\large\py@HeaderFamily}%
? 
Runaway argument?
! Paragraph ended before \@xdblarg was complete.
<to be read again> 
                   \par 
l.37 \titleformat{\subsection}
                              {\large\py@HeaderFamily}%
? 
! Undefined control sequence.
l.37 ...format{\subsection}{\large\py@HeaderFamily
                                                  }%
? 

! LaTeX Error: Missing \begin{document}.

See the LaTeX manual or LaTeX Companion for explanation.
Type  H <return>  for immediate help.
 ...                                              
                                                  
l.38             {\py@TitleColor\thesubsection
                                              }{0.5em}{\py@TitleColor}
? 
! Undefined control sequence.
l.41 \titleformat
                 {\subsubsection}{\normalsize\py@HeaderFamily}%
? 
! Argument of \@xdblarg has an extra }.
<inserted text> 
                \par 
l.41 \titleformat{\subsubsection}
                                 {\normalsize\py@HeaderFamily}%
? 
Runaway argument?
! Paragraph ended before \@xdblarg was complete.
<to be read again> 
                   \par 
l.41 \titleformat{\subsubsection}
                                 {\normalsize\py@HeaderFamily}%
? 
! Undefined control sequence.
l.41 ...subsubsection}{\normalsize\py@HeaderFamily
                                                  }%
? 

! LaTeX Error: Missing \begin{document}.

See the LaTeX manual or LaTeX Companion for explanation.
Type  H <return>  for immediate help.
 ...                                              
                                                  
l.42             {\py@TitleColor\thesubsubsection
                                                 }{0.5em}{\py@TitleColor}
? 
! Undefined control sequence.
l.45 \titleformat
                 {\paragraph}{\normalsize\py@HeaderFamily}%
? 
! Argument of \@xdblarg has an extra }.
<inserted text> 
                \par 
l.45 \titleformat{\paragraph}
                             {\normalsize\py@HeaderFamily}%
? 
Runaway argument?
! Paragraph ended before \@xdblarg was complete.
<to be read again> 
                   \par 
l.45 \titleformat{\paragraph}
                             {\normalsize\py@HeaderFamily}%
? 
! Undefined control sequence.
l.45 ...at{\paragraph}{\normalsize\py@HeaderFamily
                                                  }%
? 

! LaTeX Error: Missing \begin{document}.

See the LaTeX manual or LaTeX Companion for explanation.
Type  H <return>  for immediate help.
 ...                                              
                                                  
l.46             {\py@TitleColor\theparagraph
                                             }{0.5em}{\py@TitleColor}
? 
! Undefined control sequence.
l.47 \titleformat
                 {\subparagraph}{\normalsize\py@HeaderFamily}%
? 
! Argument of \@xdblarg has an extra }.
<inserted text> 
                \par 
l.47 \titleformat{\subparagraph}
                                {\normalsize\py@HeaderFamily}%
? 
Runaway argument?
! Paragraph ended before \@xdblarg was complete.
<to be read again> 
                   \par 
l.47 \titleformat{\subparagraph}
                                {\normalsize\py@HeaderFamily}%
? 
! Undefined control sequence.
l.47 ...\subparagraph}{\normalsize\py@HeaderFamily
                                                  }%
? 

! LaTeX Error: Missing \begin{document}.

See the LaTeX manual or LaTeX Companion for explanation.
Type  H <return>  for immediate help.
 ...                                              
                                                  
l.48             {\py@TitleColor\thesubparagraph
                                                }{0.5em}{\py@TitleColor}
? 
) (./sphinxlatexstyletext.sty
File: sphinxlatexstyletext.sty 2024/07/01 v7.4.0 text styling
) (./sphinxlatexobjects.sty
File: sphinxlatexobjects.sty 2023/07/23 documentation environments
\sphinxsignaturesep=\skip71
\sphinxsignaturelistskip=\skip72
\py@argswidth=\skip73
\lineblockindentation=\skip74
\DUlineblockindent=\skip75
))
(/usr/share/texmf-dist/tex/latex/geometry/geometry.sty
Package: geometry 2020/01/02 v5.9 Page Geometry

(/usr/share/texmf-dist/tex/generic/iftex/ifvtex.sty
Package: ifvtex 2019/10/25 v1.7 ifvtex legacy package. Use iftex instead.
)
\Gm@cnth=\count315
\Gm@cntv=\count316
\c@Gm@tempcnt=\count317
\Gm@bindingoffset=\dimen259
\Gm@wd@mp=\dimen260
\Gm@odd@mp=\dimen261
\Gm@even@mp=\dimen262
\Gm@layoutwidth=\dimen263
\Gm@layoutheight=\dimen264
\Gm@layouthoffset=\dimen265
\Gm@layoutvoffset=\dimen266
\Gm@dimlist=\toks31
)
(/usr/share/texmf-dist/tex/latex/hyperref/hyperref.sty
Package: hyperref 2024-01-20 v7.01h Hypertext links for LaTeX

(/usr/share/texmf-dist/tex/generic/kvdefinekeys/kvdefinekeys.sty
Package: kvdefinekeys 2019-12-19 v1.6 Define keys (HO)
)
(/usr/share/texmf-dist/tex/generic/pdfescape/pdfescape.sty
Package: pdfescape 2019/12/09 v1.15 Implements pdfTeX's escape features (HO)

(/usr/share/texmf-dist/tex/generic/pdftexcmds/pdftexcmds.sty
Package: pdftexcmds 2020-06-27 v0.33 Utility functions of pdfTeX for LuaTeX (HO
)

(/usr/share/texmf-dist/tex/generic/infwarerr/infwarerr.sty
Package: infwarerr 2019/12/03 v1.5 Providing info/warning/error messages (HO)
)
Package pdftexcmds Info: \pdf@primitive is available.
Package pdftexcmds Info: \pdf@ifprimitive is available.
Package pdftexcmds Info: \pdfdraftmode not found.
))
(/usr/share/texmf-dist/tex/latex/hycolor/hycolor.sty
Package: hycolor 2020-01-27 v1.10 Color options for hyperref/bookmark (HO)
)
(/usr/share/texmf-dist/tex/latex/auxhook/auxhook.sty
Package: auxhook 2019-12-17 v1.6 Hooks for auxiliary files (HO)
)
(/usr/share/texmf-dist/tex/latex/hyperref/nameref.sty
Package: nameref 2023-11-26 v2.56 Cross-referencing by name of section

(/usr/share/texmf-dist/tex/latex/refcount/refcount.sty
Package: refcount 2019/12/15 v3.6 Data extraction from label references (HO)
)
(/usr/share/texmf-dist/tex/generic/gettitlestring/gettitlestring.sty
Package: gettitlestring 2019/12/15 v1.6 Cleanup title references (HO)
)
\c@section@level=\count318
)
\@linkdim=\dimen267
\Hy@linkcounter=\count319
\Hy@pagecounter=\count320

(/usr/share/texmf-dist/tex/latex/hyperref/pd1enc.def
File: pd1enc.def 2024-01-20 v7.01h Hyperref: PDFDocEncoding definition (HO)
)
(/usr/share/texmf-dist/tex/generic/intcalc/intcalc.sty
Package: intcalc 2019/12/15 v1.3 Expandable calculations with integers (HO)
)
\Hy@SavedSpaceFactor=\count321

(/usr/share/texmf-dist/tex/latex/hyperref/puenc.def
File: puenc.def 2024-01-20 v7.01h Hyperref: PDF Unicode definition (HO)
)
Package hyperref Info: Option `hyperindex' set `false' on input line 4062.
Package hyperref Info: Option `unicode' set `true' on input line 4062.
Package hyperref Info: Option `colorlinks' set `true' on input line 4062.
Package hyperref Info: Option `breaklinks' set `true' on input line 4062.
Package hyperref Info: Hyper figures OFF on input line 4179.
Package hyperref Info: Link nesting OFF on input line 4184.
Package hyperref Info: Hyper index OFF on input line 4189.
Package hyperref Info: Plain pages OFF on input line 4194.
Package hyperref Info: Backreferencing OFF on input line 4199.
Package hyperref Info: Implicit mode ON; LaTeX internals redefined.
Package hyperref Info: Bookmarks ON on input line 4446.
\c@Hy@tempcnt=\count322

(/usr/share/texmf-dist/tex/latex/url/url.sty
\Urlmuskip=\muskip17
Package: url 2013/09/16  ver 3.4  Verb mode for urls, etc.
)
LaTeX Info: Redefining \url on input line 4784.
\XeTeXLinkMargin=\dimen268

(/usr/share/texmf-dist/tex/generic/bitset/bitset.sty
Package: bitset 2019/12/09 v1.3 Handle bit-vector datatype (HO)

(/usr/share/texmf-dist/tex/generic/bigintcalc/bigintcalc.sty
Package: bigintcalc 2019/12/15 v1.5 Expandable calculations on big integers (HO
)
))
\Fld@menulength=\count323
\Field@Width=\dimen269
\Fld@charsize=\dimen270
Package hyperref Info: Hyper figures OFF on input line 6063.
Package hyperref Info: Link nesting OFF on input line 6068.
Package hyperref Info: Hyper index OFF on input line 6073.
Package hyperref Info: backreferencing OFF on input line 6078.
Package hyperref Info: Link coloring ON on input line 6081.
Package hyperref Info: Link coloring with OCG OFF on input line 6088.
Package hyperref Info: PDF/A mode OFF on input line 6093.

(/usr/share/texmf-dist/tex/latex/base/atbegshi-ltx.sty
Package: atbegshi-ltx 2021/01/10 v1.0c Emulation of the original atbegshi
package with kernel methods
)
\Hy@abspage=\count324
\c@Item=\count325
\c@Hfootnote=\count326
)
Package hyperref Info: Driver (autodetected): hxetex.

(/usr/share/texmf-dist/tex/latex/hyperref/hxetex.def
File: hxetex.def 2024-01-20 v7.01h Hyperref driver for XeTeX

(/usr/share/texmf-dist/tex/generic/stringenc/stringenc.sty
Package: stringenc 2019/11/29 v1.12 Convert strings between diff. encodings (HO
)
)
\pdfm@box=\box118
\c@Hy@AnnotLevel=\count327
\HyField@AnnotCount=\count328
\Fld@listcount=\count329
\c@bookmark@seq@number=\count330

(/usr/share/texmf-dist/tex/latex/rerunfilecheck/rerunfilecheck.sty
Package: rerunfilecheck 2022-07-10 v1.10 Rerun checks for auxiliary files (HO)

(/usr/share/texmf-dist/tex/latex/base/atveryend-ltx.sty
Package: atveryend-ltx 2020/08/19 v1.0a Emulation of the original atveryend pac
kage
with kernel methods
)
(/usr/share/texmf-dist/tex/generic/uniquecounter/uniquecounter.sty
Package: uniquecounter 2019/12/15 v1.4 Provide unlimited unique counter (HO)
)
Package uniquecounter Info: New unique counter `rerunfilecheck' on input line 2
85.
)
\Hy@SectionHShift=\skip76
)
(/usr/share/texmf-dist/tex/latex/oberdiek/hypcap.sty
Package: hypcap 2016/05/16 v1.12 Adjusting the anchors of captions (HO)

(/usr/share/texmf-dist/tex/latex/letltxmacro/letltxmacro.sty
Package: letltxmacro 2019/12/03 v1.6 Let assignment for LaTeX macros (HO)
))
(./sphinxmessages.sty
Package: sphinxmessages 2019/01/04 v2.0 Localized LaTeX macros (Sphinx team)
)

! LaTeX Error: File `tocloft.sty' not found.

Type X to quit or <RETURN> to proceed,
or enter new name. (Default extension: sty)

Enter file name: 
! Undefined control sequence.
<recently read> \cftsetpnumwidth 
                                 
l.61 \cftsetpnumwidth
                      {1.25cm}\cftsetrmarg{1.5cm}
? 

! LaTeX Error: Missing \begin{document}.

See the LaTeX manual or LaTeX Companion for explanation.
Type  H <return>  for immediate help.
 ...                                              
                                                  
l.61 \cftsetpnumwidth {1
                        .25cm}\cftsetrmarg{1.5cm}
? 
! Undefined control sequence.
l.61 \cftsetpnumwidth {1.25cm}\cftsetrmarg
                                          {1.5cm}
? 
! Undefined control sequence.
<argument> \cftchapnumwidth 
                            
l.62 \setlength{\cftchapnumwidth}{0.75cm}
                                         
? 
! Undefined control sequence.
<argument> \cftsecindent 
                         
l.63 \setlength{\cftsecindent}{\cftchapnumwidth}
                                                
? 
! Undefined control sequence.
<argument> \cftchapnumwidth 
                            
l.63 \setlength{\cftsecindent}{\cftchapnumwidth}
                                                
? 
! Undefined control sequence.
<argument> \cftsecnumwidth 
                           
l.64 \setlength{\cftsecnumwidth}{1.25cm}
                                        
? 
Runaway argument?
{\release {2.0} \author {Alexander Bobkov} \newcommand {\sphinxlogo }\ETC.
! Paragraph ended before \date  was complete.
<to be read again> 
                   \par 
l.75 
     
? 
Package hyperref Info: Option `pageanchor' set `false' on input line 77.
! Undefined control sequence.
\set@color ->\special {color push \current@color 
                                                 }\aftergroup \reset@color 
l.77 \sphinxmaketitle
                     
? 
! Undefined control sequence.
\set@color ->\special {color push \current@color 
                                                 }\aftergroup \reset@color 
l.77 \sphinxmaketitle
                     
? 
\HyPL@Entry{0<</S/D>>}
[1

]

! LaTeX Error: Missing \begin{document}.

See the LaTeX manual or LaTeX Companion for explanation.
Type  H <return>  for immediate help.
 ...                                              
                                                  
l.77 \sphinxmaketitle
                     
? 

Overfull \hbox (124.75502pt too wide) in paragraph at lines 77--77
[] 
 []


Package hyperref Warning: Token not allowed in a PDF string (Unicode):
(hyperref)                removing `\sphinxhyphen' on input line 77.


! LaTeX Error: Missing \begin{document}.

See the LaTeX manual or LaTeX Companion for explanation.
Type  H <return>  for immediate help.
 ...                                              
                                                  
l.77 \sphinxmaketitle
                     
? 
! Undefined control sequence.
\sphinxmaketitle ...begin {flushright}\sphinxlogo 
                                                  \py@HeaderFamily {\Huge \@...
l.77 \sphinxmaketitle
                     
? 
LaTeX Font Info:    Trying to load font information for U+msa on input line 77.

(/usr/share/texmf-dist/tex/latex/amsfonts/umsa.fd
File: umsa.fd 2013/01/14 v3.01 AMS symbols A
)
LaTeX Font Info:    Trying to load font information for U+msb on input line 77.


(/usr/share/texmf-dist/tex/latex/amsfonts/umsb.fd
File: umsb.fd 2013/01/14 v3.01 AMS symbols B
)

LaTeX Warning: No \author given.

! Undefined control sequence.
\set@color ->\special {color push \current@color 
                                                 }\aftergroup \reset@color 
l.77 \sphinxmaketitle
                     
? 
! Undefined control sequence.
\set@color ->\special {color push \current@color 
                                                 }\aftergroup \reset@color 
l.77 \sphinxmaketitle
                     
? 
\HyPL@Entry{1<</S/D>>}
[1]
! Undefined control sequence.
\set@color ->\special {color push \current@color 
                                                 }\aftergroup \reset@color 
l.77 \sphinxmaketitle
                     
? 
! Undefined control sequence.
\set@color ->\special {color push \current@color 
                                                 }\aftergroup \reset@color 
l.77 \sphinxmaketitle
                     
? 
[2


]

! LaTeX Error: Missing \begin{document}.

See the LaTeX manual or LaTeX Companion for explanation.
Type  H <return>  for immediate help.
 ...                                              
                                                  
l.79 \sphinxtableofcontents
                           
? 
No file esp32-c3breadboardadapter.toc.
\tf@toc=\write4
\openout4 = `esp32-c3breadboardadapter.toc'.

! Undefined control sequence.
\set@color ->\special {color push \current@color 
                                                 }\aftergroup \reset@color 
l.79 \sphinxtableofcontents
                           
? 
! Undefined control sequence.
\set@color ->\special {color push \current@color 
                                                 }\aftergroup \reset@color 
l.79 \sphinxtableofcontents
                           
? 
\HyPL@Entry{3<</S/r>>}
[1

]
! Undefined control sequence.
\set@color ->\special {color push \current@color 
                                                 }\aftergroup \reset@color 
l.79 \sphinxtableofcontents
                           
? 
! Undefined control sequence.
\set@color ->\special {color push \current@color 
                                                 }\aftergroup \reset@color 
l.79 \sphinxtableofcontents
                           
? 
[2

]

! LaTeX Error: Missing \begin{document}.

See the LaTeX manual or LaTeX Companion for explanation.
Type  H <return>  for immediate help.
 ...                                              
                                                  
l.84 \sphinxAtStartPar
                      
? 
! Undefined control sequence.
<argument> ...ef@nextactionraw >>>>}\Hy@colorlink 
                                                  \@urlcolor 
l.86 ...ructuredtext/index.html}{reStructuredText}
                                                  %^^M
? 
! Undefined control sequence.
\Hy@EndAnnot ...AnnotLevel}=\@ne \Hy@endcolorlink 
                                                  \@pdfm@mark {eann}\fi \glo...
l.86 ...ructuredtext/index.html}{reStructuredText}
                                                  %
? 
! Undefined control sequence.
<recently read> \Hy@colorlink 
                              
l.87 \begin{footnote}[1]
                        \sphinxAtStartFootnote
? 
! Undefined control sequence.
\Hy@EndAnnot ...AnnotLevel}=\@ne \Hy@endcolorlink 
                                                  \@pdfm@mark {eann}\fi \glo...
l.87 \begin{footnote}[1]
                        \sphinxAtStartFootnote
? 

Underfull \hbox (badness 10000) in paragraph at lines 84--92
\TU/DejaVuSerif(0)/m/n/10 LinkColorreStructuredText[][]InnerLinkColor[][]$[][][
][][] [] [] [] [][][] [] [][][][][][][][][][][] []
 []


Underfull \hbox (badness 7451) in paragraph at lines 84--92
[][][] [] [][] [] [][][][][][] [] [][][][][] [] [][][][][][][][][][][][][][][][
] [] [][][][][] [] [][][][]$  \TU/DejaVuSerif(0)/m/n/10 documentation
 []

! Undefined control sequence.
\set@color ->\special {color push \current@color 
                                                 }\aftergroup \reset@color 
l.96 \chapter
             {About}
? 
! Undefined control sequence.
\set@color ->\special {color push \current@color 
                                                 }\aftergroup \reset@color 
l.96 \chapter
             {About}
? 
! Undefined control sequence.
\set@color ->\special {color push \current@color 
                                                 }\aftergroup \reset@color 
l.96 \chapter
             {About}
? 
\HyPL@Entry{5<</S/D>>}
[1
\newlabel{index::doc}{{}{1}{}{section*.2}{}}
]
! Undefined control sequence.
\set@color ->\special {color push \current@color 
                                                 }\aftergroup \reset@color 
l.96 \chapter
             {About}
? 
! Undefined control sequence.
\set@color ->\special {color push \current@color 
                                                 }\aftergroup \reset@color 
l.96 \chapter
             {About}
? 
[2

]
Chapter 1.

! LaTeX Error: Missing \begin{document}.

See the LaTeX manual or LaTeX Companion for explanation.
Type  H <return>  for immediate help.
 ...                                              
                                                  
l.96 \chapter{About}
                    
? 

! LaTeX Error: Missing \begin{document}.

See the LaTeX manual or LaTeX Companion for explanation.
Type  H <return>  for immediate help.
 ...                                              
                                                  
l.96 \chapter{About}
                    
? 
! Undefined control sequence.
<argument> \FrameRule 
                      
l.103 \begin{sphinxadmonition}{caution}{Caution:}
                                                 
? 
! You can't use `\dimexpr' in horizontal mode.
<argument> 0.5\dimexpr 
                       \spx@boxes@border@top +\spx@boxes@border@bottom \relax 
l.103 \begin{sphinxadmonition}{caution}{Caution:}
                                                 
? 
! Undefined control sequence.
<argument> \FrameSep 
                     
l.103 \begin{sphinxadmonition}{caution}{Caution:}
                                                 
? 
! You can't use `\dimexpr' in horizontal mode.
<argument> 0.5\dimexpr 
                       \spx@boxes@padding@top +\spx@boxes@padding@bottom \re...
l.103 \begin{sphinxadmonition}{caution}{Caution:}
                                                 
? 
! Undefined control sequence.
<argument> \FrameHeightAdjust 
                              
l.103 \begin{sphinxadmonition}{caution}{Caution:}
                                                 
? 
! Missing number, treated as zero.
<to be read again> 
                   \relax 
l.103 \begin{sphinxadmonition}{caution}{Caution:}
                                                 
? 
! Illegal unit of measure (pt inserted).
<to be read again> 
                   \relax 
l.103 \begin{sphinxadmonition}{caution}{Caution:}
                                                 
? 
! Undefined control sequence.
\sphinxheavybox ... \FrameCommand }\fi \savenotes 
                                                  \ifspx@inframed \noindent ...
l.103 \begin{sphinxadmonition}{caution}{Caution:}
                                                 
? 
! Undefined control sequence.
\sphinxheavybox ...\parskip } \fi \fi \MakeFramed 
                                                  {\spx@inframedtrue \advanc...
l.103 \begin{sphinxadmonition}{caution}{Caution:}
                                                 
? 
! Undefined control sequence.
\sphinxheavybox ...edtrue \advance \hsize -\width 
                                                  \@totalleftmargin \z@ \lin...
l.103 \begin{sphinxadmonition}{caution}{Caution:}
                                                 
? 
! Missing number, treated as zero.
<to be read again> 
                   \let 
l.103 \begin{sphinxadmonition}{caution}{Caution:}
                                                 
? 
! Illegal unit of measure (pt inserted).
<to be read again> 
                   \let 
l.103 \begin{sphinxadmonition}{caution}{Caution:}
                                                 
? 

Overfull \hbox (30.04492pt too wide) in paragraph at lines 103--103
[]\TU/DejaVuSerif(0)/m/n/10 0.5 0.5 [] 
 []

! Undefined control sequence.
\endsphinxheavybox ...inipagefalse \endMakeFramed 
                                                  \ifspx@inframed \end {mini...
l.106 \end{sphinxadmonition}
                            
? 
! Undefined control sequence.
\endsphinxheavybox ...nd {minipage}\fi \spewnotes 
                                                  \vskip .4\baselineskip 
l.106 \end{sphinxadmonition}
                            
? 
! Undefined control sequence.
\sphinxVerbatim ...e}{\linewidth }\fi \MakeFramed 
                                                  {\advance \hsize -\width \...
l.112 \begin{sphinxVerbatim}
                            [commandchars=\\\{\},numbers=left,firstnumber=1,...

? q
OK, entering \batchmode...
! Undefined control sequence.
\sphinxVerbatim ...ramed {\advance \hsize -\width 
                                                  \@totalleftmargin \z@ \lin...
l.112 \begin{sphinxVerbatim}
                            [commandchars=\\\{\},numbers=left,firstnumber=1,...
The control sequence at the end of the top line
of your error message was never \def'ed. If you have
misspelled it (e.g., `\hobx'), type `I' and the correct
spelling (e.g., `I\hbox'). Otherwise just continue,
and I'll forget about whatever was undefined.

! Missing number, treated as zero.
<to be read again> 
                   \global 
l.112 \begin{sphinxVerbatim}
                            [commandchars=\\\{\},numbers=left,firstnumber=1,...
A number should have been here; I inserted `0'.
(If you can't figure out why I needed to see a number,
look up `weird error' in the index to The TeXbook.)

! Illegal unit of measure (pt inserted).
<to be read again> 
                   \global 
l.112 \begin{sphinxVerbatim}
                            [commandchars=\\\{\},numbers=left,firstnumber=1,...
Dimensions can be in units of em, ex, in, pt, pc,
cm, mm, dd, cc, bp, or sp; but yours is a new one!
I'll assume that you meant to say pt, for printer's points.
To recover gracefully from this error, it's best to
delete the erroneous units; e.g., type `2' to delete
two letters. (See Chapter 27 of The TeXbook.)


! LaTeX Error: Something's wrong--perhaps a missing \item.

See the LaTeX manual or LaTeX Companion for explanation.
Type  H <return>  for immediate help.
 ...                                              
                                                  
l.112 ...,numbers=left,firstnumber=1,stepnumber=1]
                                                  
Try typing  <return>  to proceed.
If that doesn't work, type  X <return>  to quit.

! Undefined control sequence.
\set@color ->\special {color push \current@color 
                                                 }\aftergroup \reset@color 
l.144 \end{sphinxVerbatim}
                          
The control sequence at the end of the top line
of your error message was never \def'ed. If you have
misspelled it (e.g., `\hobx'), type `I' and the correct
spelling (e.g., `I\hbox'). Otherwise just continue,
and I'll forget about whatever was undefined.

! Undefined control sequence.
\set@color ->\special {color push \current@color 
                                                 }\aftergroup \reset@color 
l.144 \end{sphinxVerbatim}
                          
The control sequence at the end of the top line
of your error message was never \def'ed. If you have
misspelled it (e.g., `\hobx'), type `I' and the correct
spelling (e.g., `I\hbox'). Otherwise just continue,
and I'll forget about whatever was undefined.

 [3
\@writefile{toc}{\contentsline {chapter}{\numberline {1}About}{3}{chapter.1}\pr
otected@file@percent }
\@writefile{lof}{\addvspace {10\p@ }}
\@writefile{lot}{\addvspace {10\p@ }}
\newlabel{README:about}{{1}{3}{About}{chapter.1}{}}
\newlabel{README::doc}{{1}{3}{About}{chapter.1}{}}
\@writefile{toc}{\contentsline {section}{\numberline {1.1}MicroPython Blinky Co
de}{3}{section.1.1}\protected@file@percent }
\newlabel{README:micropython-blinky-code}{{1.1}{3}{MicroPython Blinky Code}{sec
tion.1.1}{}}
]
! You can't use `\unskip' in vertical mode.
\endsphinxVerbatim ...page}\fi \else \par \unskip 
                                                  \@minipagefalse \endMakeFr...
l.144 \end{sphinxVerbatim}
                          
Sorry...I usually can't take things from the current page.
Try `I\vskip-\lastskip' instead.

! Undefined control sequence.
\endsphinxVerbatim ...inipagefalse \endMakeFramed 
                                                  \ifsphinxverbatimwithminip...
l.144 \end{sphinxVerbatim}
                          
The control sequence at the end of the top line
of your error message was never \def'ed. If you have
misspelled it (e.g., `\hobx'), type `I' and the correct
spelling (e.g., `I\hbox'). Otherwise just continue,
and I'll forget about whatever was undefined.

! Undefined control sequence.
\set@color ->\special {color push \current@color 
                                                 }\aftergroup \reset@color 
l.150 \chapter
              {Circuit Board}
The control sequence at the end of the top line
of your error message was never \def'ed. If you have
misspelled it (e.g., `\hobx'), type `I' and the correct
spelling (e.g., `I\hbox'). Otherwise just continue,
and I'll forget about whatever was undefined.

! Undefined control sequence.
\set@color ->\special {color push \current@color 
                                                 }\aftergroup \reset@color 
l.150 \chapter
              {Circuit Board}
The control sequence at the end of the top line
of your error message was never \def'ed. If you have
misspelled it (e.g., `\hobx'), type `I' and the correct
spelling (e.g., `I\hbox'). Otherwise just continue,
and I'll forget about whatever was undefined.

 [4]
Chapter 2.
File: ESP32-C3-BreadBoardAdapter.jpg Graphic file (type bmp)
<ESP32-C3-BreadBoardAdapter.jpg>
! Undefined control sequence.
\set@color ->\special {color push \current@color 
                                                 }\aftergroup \reset@color 
l.157 \chapter
              {ESP32\sphinxhyphen{}C3\_Breadboard\sphinxhyphen{}Adapter}
The control sequence at the end of the top line
of your error message was never \def'ed. If you have
misspelled it (e.g., `\hobx'), type `I' and the correct
spelling (e.g., `I\hbox'). Otherwise just continue,
and I'll forget about whatever was undefined.

! Undefined control sequence.
\set@color ->\special {color push \current@color 
                                                 }\aftergroup \reset@color 
l.157 \chapter
              {ESP32\sphinxhyphen{}C3\_Breadboard\sphinxhyphen{}Adapter}
The control sequence at the end of the top line
of your error message was never \def'ed. If you have
misspelled it (e.g., `\hobx'), type `I' and the correct
spelling (e.g., `I\hbox'). Otherwise just continue,
and I'll forget about whatever was undefined.

 [5

\@writefile{toc}{\contentsline {chapter}{\numberline {2}Circuit Board}{5}{chapt
er.2}\protected@file@percent }
\@writefile{lof}{\addvspace {10\p@ }}
\@writefile{lot}{\addvspace {10\p@ }}
\newlabel{pcb:circuit-board}{{2}{5}{Circuit Board}{chapter.2}{}}
\newlabel{pcb::doc}{{2}{5}{Circuit Board}{chapter.2}{}}
]
! Undefined control sequence.
\set@color ->\special {color push \current@color 
                                                 }\aftergroup \reset@color 
l.157 \chapter
              {ESP32\sphinxhyphen{}C3\_Breadboard\sphinxhyphen{}Adapter}
The control sequence at the end of the top line
of your error message was never \def'ed. If you have
misspelled it (e.g., `\hobx'), type `I' and the correct
spelling (e.g., `I\hbox'). Otherwise just continue,
and I'll forget about whatever was undefined.

! Undefined control sequence.
\set@color ->\special {color push \current@color 
                                                 }\aftergroup \reset@color 
l.157 \chapter
              {ESP32\sphinxhyphen{}C3\_Breadboard\sphinxhyphen{}Adapter}
The control sequence at the end of the top line
of your error message was never \def'ed. If you have
misspelled it (e.g., `\hobx'), type `I' and the correct
spelling (e.g., `I\hbox'). Otherwise just continue,
and I'll forget about whatever was undefined.

 [6

]
Chapter 3.

Package hyperref Warning: Token not allowed in a PDF string (Unicode):
(hyperref)                removing `\sphinxhyphen' on input line 157.


Package hyperref Warning: Token not allowed in a PDF string (Unicode):
(hyperref)                removing `\sphinxhyphen' on input line 157.

No file esp32-c3breadboardadapter.ind.

Package sphinx Warning: The package pict2e is required for rounded boxes.
(sphinx)                As it does not seem to be available on your system,
(sphinx)                options setting radii have all been ignored.


Package sphinx Warning: The package ellipse is required for elliptical corners.

(sphinx)                As it does not seem to be available on your system,
(sphinx)                all non-straight corners have used circle arcs..

! Undefined control sequence.
\set@color ->\special {color push \current@color 
                                                 }\aftergroup \reset@color 
l.163 \end{document}
                    
The control sequence at the end of the top line
of your error message was never \def'ed. If you have
misspelled it (e.g., `\hobx'), type `I' and the correct
spelling (e.g., `I\hbox'). Otherwise just continue,
and I'll forget about whatever was undefined.

! Undefined control sequence.
\set@color ->\special {color push \current@color 
                                                 }\aftergroup \reset@color 
l.163 \end{document}
                    
The control sequence at the end of the top line
of your error message was never \def'ed. If you have
misspelled it (e.g., `\hobx'), type `I' and the correct
spelling (e.g., `I\hbox'). Otherwise just continue,
and I'll forget about whatever was undefined.

 [7
\@writefile{toc}{\contentsline {chapter}{\numberline {3}ESP32\sphinxhyphen {}C3
\_Breadboard\sphinxhyphen {}Adapter}{7}{chapter.3}\protected@file@percent }
\@writefile{lof}{\addvspace {10\p@ }}
\@writefile{lot}{\addvspace {10\p@ }}
\newlabel{modules:esp32-c3-breadboard-adapter}{{3}{7}{ESP32\sphinxhyphen {}C3\_
Breadboard\sphinxhyphen {}Adapter}{chapter.3}{}}
\newlabel{modules::doc}{{3}{7}{ESP32\sphinxhyphen {}C3\_Breadboard\sphinxhyphen
 {}Adapter}{chapter.3}{}}
]
\gdef \@abspage@last{12}
 (./esp32-c3breadboardadapter.aux)
 ***********
LaTeX2e <2023-11-01> patch level 1
L3 programming layer <2024-02-20>
 ***********
 ) 
Here is how much of TeX's memory you used:
 17452 strings out of 476772
 350146 string characters out of 5803394
 1947839 words of memory out of 5000000
 39133 multiletter control sequences out of 15000+600000
 567866 words of font info for 127 fonts, out of 8000000 for 9000
 15 hyphenation exceptions out of 8191
 79i,14n,93p,365b,793s stack positions out of 10000i,1000n,20000p,200000b,200000s

Output written on esp32-c3breadboardadapter.pdf (12 pages).
