This is pdfTeX, Version 3.141592653-2.6-1.40.26 (TeX Live 2024/Arch Linux) (preloaded format=pdflatex 2024.10.11)  21 OCT 2024 00:08
entering extended mode
 restricted \write18 enabled.
 %&-line parsing enabled.
**esp32-c3breadboardadapter.tex
(./esp32-c3breadboardadapter.tex
LaTeX2e <2023-11-01> patch level 1
L3 programming layer <2024-02-20>
(./sphinxmanual.cls
Document Class: sphinxmanual 2019/12/01 v2.3.0 Document class (Sphinx manual)
(/usr/share/texmf-dist/tex/latex/base/report.cls
Document Class: report 2023/05/17 v1.4n Standard LaTeX document class
(/usr/share/texmf-dist/tex/latex/base/size10.clo
File: size10.clo 2023/05/17 v1.4n Standard LaTeX file (size option)
)
\c@part=\count188
\c@chapter=\count189
\c@section=\count190
\c@subsection=\count191
\c@subsubsection=\count192
\c@paragraph=\count193
\c@subparagraph=\count194
\c@figure=\count195
\c@table=\count196
\abovecaptionskip=\skip48
\belowcaptionskip=\skip49
\bibindent=\dimen140
)
LaTeX Info: Redefining \and on input line 35.
)
(/usr/share/texmf-dist/tex/latex/base/inputenc.sty
Package: inputenc 2021/02/14 v1.3d Input encoding file
\inpenc@prehook=\toks17
\inpenc@posthook=\toks18
)
   defining Unicode char U+00A0 (decimal 160)
   defining Unicode char U+2500 (decimal 9472)
   defining Unicode char U+2502 (decimal 9474)
   defining Unicode char U+2514 (decimal 9492)
   defining Unicode char U+251C (decimal 9500)
   defining Unicode char U+2572 (decimal 9586)

(/usr/share/texmf-dist/tex/latex/cmap/cmap.sty
Package: cmap 2021/02/06 v1.0j CMap support: searchable PDF
)
(/usr/share/texmf-dist/tex/latex/base/fontenc.sty
Package: fontenc 2021/04/29 v2.0v Standard LaTeX package
<<t1.cmap>>)
(/usr/share/texmf-dist/tex/latex/amsmath/amsmath.sty
Package: amsmath 2023/05/13 v2.17o AMS math features
\@mathmargin=\skip50

For additional information on amsmath, use the `?' option.
(/usr/share/texmf-dist/tex/latex/amsmath/amstext.sty
Package: amstext 2021/08/26 v2.01 AMS text

(/usr/share/texmf-dist/tex/latex/amsmath/amsgen.sty
File: amsgen.sty 1999/11/30 v2.0 generic functions
\@emptytoks=\toks19
\ex@=\dimen141
))
(/usr/share/texmf-dist/tex/latex/amsmath/amsbsy.sty
Package: amsbsy 1999/11/29 v1.2d Bold Symbols
\pmbraise@=\dimen142
)
(/usr/share/texmf-dist/tex/latex/amsmath/amsopn.sty
Package: amsopn 2022/04/08 v2.04 operator names
)
\inf@bad=\count197
LaTeX Info: Redefining \frac on input line 234.
\uproot@=\count198
\leftroot@=\count199
LaTeX Info: Redefining \overline on input line 399.
LaTeX Info: Redefining \colon on input line 410.
\classnum@=\count266
\DOTSCASE@=\count267
LaTeX Info: Redefining \ldots on input line 496.
LaTeX Info: Redefining \dots on input line 499.
LaTeX Info: Redefining \cdots on input line 620.
\Mathstrutbox@=\box51
\strutbox@=\box52
LaTeX Info: Redefining \big on input line 722.
LaTeX Info: Redefining \Big on input line 723.
LaTeX Info: Redefining \bigg on input line 724.
LaTeX Info: Redefining \Bigg on input line 725.
\big@size=\dimen143
LaTeX Font Info:    Redeclaring font encoding OML on input line 743.
LaTeX Font Info:    Redeclaring font encoding OMS on input line 744.
\macc@depth=\count268
LaTeX Info: Redefining \bmod on input line 905.
LaTeX Info: Redefining \pmod on input line 910.
LaTeX Info: Redefining \smash on input line 940.
LaTeX Info: Redefining \relbar on input line 970.
LaTeX Info: Redefining \Relbar on input line 971.
\c@MaxMatrixCols=\count269
\dotsspace@=\muskip16
\c@parentequation=\count270
\dspbrk@lvl=\count271
\tag@help=\toks20
\row@=\count272
\column@=\count273
\maxfields@=\count274
\andhelp@=\toks21
\eqnshift@=\dimen144
\alignsep@=\dimen145
\tagshift@=\dimen146
\tagwidth@=\dimen147
\totwidth@=\dimen148
\lineht@=\dimen149
\@envbody=\toks22
\multlinegap=\skip51
\multlinetaggap=\skip52
\mathdisplay@stack=\toks23
LaTeX Info: Redefining \[ on input line 2953.
LaTeX Info: Redefining \] on input line 2954.
)
(/usr/share/texmf-dist/tex/latex/amsfonts/amssymb.sty
Package: amssymb 2013/01/14 v3.01 AMS font symbols

(/usr/share/texmf-dist/tex/latex/amsfonts/amsfonts.sty
Package: amsfonts 2013/01/14 v3.01 Basic AMSFonts support
\symAMSa=\mathgroup4
\symAMSb=\mathgroup5
LaTeX Font Info:    Redeclaring math symbol \hbar on input line 98.
LaTeX Font Info:    Overwriting math alphabet `\mathfrak' in version `bold'
(Font)                  U/euf/m/n --> U/euf/b/n on input line 106.
))
(/usr/share/texmf-dist/tex/generic/babel/babel.sty
Package: babel 2024/02/07 v24.2 The Babel package
\babel@savecnt=\count275
\U@D=\dimen150
\l@unhyphenated=\language5

(/usr/share/texmf-dist/tex/generic/babel/txtbabel.def)
\bbl@readstream=\read2
\bbl@dirlevel=\count276

(/usr/share/texmf-dist/tex/generic/babel-english/english.ldf
Language: english 2017/06/06 v3.3r English support from the babel system
Package babel Info: Hyphen rules for 'british' set to \l@english
(babel)             (\language0). Reported on input line 82.
Package babel Info: Hyphen rules for 'UKenglish' set to \l@english
(babel)             (\language0). Reported on input line 83.
Package babel Info: Hyphen rules for 'canadian' set to \l@english
(babel)             (\language0). Reported on input line 102.
Package babel Info: Hyphen rules for 'australian' set to \l@english
(babel)             (\language0). Reported on input line 105.
Package babel Info: Hyphen rules for 'newzealand' set to \l@english
(babel)             (\language0). Reported on input line 108.
))
(/usr/share/texmf-dist/tex/generic/babel/locale/en/babel-english.tex
Package babel Info: Importing font and identification data for english
(babel)             from babel-en.ini. Reported on input line 11.
)
(/usr/share/texmf-dist/tex/latex/tex-gyre/tgtermes.sty
Package: tgtermes 2009/09/27 v1.2 TeX Gyre Termes as default roman family

(/usr/share/texmf-dist/tex/latex/kvoptions/kvoptions.sty
Package: kvoptions 2022-06-15 v3.15 Key value format for package options (HO)

(/usr/share/texmf-dist/tex/latex/graphics/keyval.sty
Package: keyval 2022/05/29 v1.15 key=value parser (DPC)
\KV@toks@=\toks24
)
(/usr/share/texmf-dist/tex/generic/ltxcmds/ltxcmds.sty
Package: ltxcmds 2023-12-04 v1.26 LaTeX kernel commands for general use (HO)
)
(/usr/share/texmf-dist/tex/latex/kvsetkeys/kvsetkeys.sty
Package: kvsetkeys 2022-10-05 v1.19 Key value parser (HO)
)))
(/usr/share/texmf-dist/tex/latex/tex-gyre/tgheros.sty
Package: tgheros 2009/09/27 v1.2 TeX Gyre Heros as default sans serif family
)

! LaTeX Error: File `fncychap.sty' not found.

Type X to quit or <RETURN> to proceed,
or enter new name. (Default extension: sty)

Enter file name: 
(./sphinx.sty
Package: sphinx 2024/10/11 v8.1.1 Sphinx LaTeX package (sphinx-doc)
 (/usr/share/texmf-dist/tex/latex/xcolor/xcolor.sty
Package: xcolor 2023/11/15 v3.01 LaTeX color extensions (UK)

(/usr/share/texmf-dist/tex/latex/graphics-cfg/color.cfg
File: color.cfg 2016/01/02 v1.6 sample color configuration
)
Package xcolor Info: Driver file: pdftex.def on input line 274.

(/usr/share/texmf-dist/tex/latex/graphics-def/pdftex.def
File: pdftex.def 2022/09/22 v1.2b Graphics/color driver for pdftex
)
(/usr/share/texmf-dist/tex/latex/graphics/mathcolor.ltx)
Package xcolor Info: Model `cmy' substituted by `cmy0' on input line 1350.
Package xcolor Info: Model `hsb' substituted by `rgb' on input line 1354.
Package xcolor Info: Model `RGB' extended on input line 1366.
Package xcolor Info: Model `HTML' substituted by `rgb' on input line 1368.
Package xcolor Info: Model `Hsb' substituted by `hsb' on input line 1369.
Package xcolor Info: Model `tHsb' substituted by `hsb' on input line 1370.
Package xcolor Info: Model `HSB' substituted by `hsb' on input line 1371.
Package xcolor Info: Model `Gray' substituted by `gray' on input line 1372.
Package xcolor Info: Model `wave' substituted by `hsb' on input line 1373.
)
(./sphinxoptionshyperref.sty
Package: sphinxoptionshyperref 2021/01/27 hyperref
) (./sphinxoptionsgeometry.sty
Package: sphinxoptionsgeometry 2021/01/27 geometry
)
(/usr/share/texmf-dist/tex/latex/base/textcomp.sty
Package: textcomp 2020/02/02 v2.0n Standard LaTeX package
)
(/usr/share/texmf-dist/tex/latex/float/float.sty
Package: float 2001/11/08 v1.3d Float enhancements (AL)
\c@float@type=\count277
\float@exts=\toks25
\float@box=\box53
\@float@everytoks=\toks26
\@floatcapt=\box54
)

! LaTeX Error: File `wrapfig.sty' not found.

Type X to quit or <RETURN> to proceed,
or enter new name. (Default extension: sty)

Enter file name: 

! LaTeX Error: File `capt-of.sty' not found.

Type X to quit or <RETURN> to proceed,
or enter new name. (Default extension: sty)

Enter file name: 
(/usr/share/texmf-dist/tex/latex/tools/multicol.sty
Package: multicol 2023/03/30 v1.9f multicolumn formatting (FMi)
\c@tracingmulticols=\count278
\mult@box=\box55
\multicol@leftmargin=\dimen151
\c@unbalance=\count279
\c@collectmore=\count280
\doublecol@number=\count281
\multicoltolerance=\count282
\multicolpretolerance=\count283
\full@width=\dimen152
\page@free=\dimen153
\premulticols=\dimen154
\postmulticols=\dimen155
\multicolsep=\skip53
\multicolbaselineskip=\skip54
\partial@page=\box56
\last@line=\box57
\mc@boxedresult=\box58
\maxbalancingoverflow=\dimen156
\mult@rightbox=\box59
\mult@grightbox=\box60
\mult@firstbox=\box61
\mult@gfirstbox=\box62
\@tempa=\box63
\@tempa=\box64
\@tempa=\box65
\@tempa=\box66
\@tempa=\box67
\@tempa=\box68
\@tempa=\box69
\@tempa=\box70
\@tempa=\box71
\@tempa=\box72
\@tempa=\box73
\@tempa=\box74
\@tempa=\box75
\@tempa=\box76
\@tempa=\box77
\@tempa=\box78
\@tempa=\box79
\@tempa=\box80
\@tempa=\box81
\@tempa=\box82
\@tempa=\box83
\@tempa=\box84
\@tempa=\box85
\@tempa=\box86
\@tempa=\box87
\@tempa=\box88
\@tempa=\box89
\@tempa=\box90
\@tempa=\box91
\@tempa=\box92
\@tempa=\box93
\@tempa=\box94
\@tempa=\box95
\@tempa=\box96
\@tempa=\box97
\@tempa=\box98
\c@minrows=\count284
\c@columnbadness=\count285
\c@finalcolumnbadness=\count286
\last@try=\dimen157
\multicolovershoot=\dimen158
\multicolundershoot=\dimen159
\mult@nat@firstbox=\box99
\colbreak@box=\box100
\mc@col@check@num=\count287
)
(/usr/share/texmf-dist/tex/latex/graphics/graphicx.sty
Package: graphicx 2021/09/16 v1.2d Enhanced LaTeX Graphics (DPC,SPQR)

(/usr/share/texmf-dist/tex/latex/graphics/graphics.sty
Package: graphics 2022/03/10 v1.4e Standard LaTeX Graphics (DPC,SPQR)

(/usr/share/texmf-dist/tex/latex/graphics/trig.sty
Package: trig 2021/08/11 v1.11 sin cos tan (DPC)
)
(/usr/share/texmf-dist/tex/latex/graphics-cfg/graphics.cfg
File: graphics.cfg 2016/06/04 v1.11 sample graphics configuration
)
Package graphics Info: Driver file: pdftex.def on input line 107.
)
\Gin@req@height=\dimen160
\Gin@req@width=\dimen161
)
(./sphinxlatexgraphics.sty
Package: sphinxlatexgraphics 2024/08/13 v8.1.0 graphics
\spx@image@maxheight=\dimen162
\spx@image@box=\box101
) (./sphinxpackageboxes.sty
Package: sphinxpackageboxes 2024/07/01 v7.4.0 advanced colored boxes


Package sphinx Warning: The package pict2e is required for rounded boxes.
(sphinx)                It does not seem to be available on your system.
(sphinx)                Options for setting radii will be ignored.


Package sphinx Warning: The package ellipse is required for elliptical corners.

(sphinx)                It does not seem to be available on your system.
(sphinx)                All non-straight corners will use circle arcs..

\spx@tempboxa=\box102
\spx@tempboxb=\box103
\spx@boxes@border@top=\dimen163
\spx@boxes@border@right=\dimen164
\spx@boxes@border@bottom=\dimen165
\spx@boxes@border@left=\dimen166
\spx@boxes@padding@top=\dimen167
\spx@boxes@padding@right=\dimen168
\spx@boxes@padding@bottom=\dimen169
\spx@boxes@padding@left=\dimen170
\spx@boxes@shadow@xoffset=\dimen171
\spx@boxes@shadow@yoffset=\dimen172
\spx@boxes@radius@topleft@x=\dimen173
\spx@boxes@radius@topright@x=\dimen174
\spx@boxes@radius@bottomright@x=\dimen175
\spx@boxes@radius@bottomleft@x=\dimen176
\spx@boxes@radius@topleft@y=\dimen177
\spx@boxes@radius@topright@y=\dimen178
\spx@boxes@radius@bottomright@y=\dimen179
\spx@boxes@radius@bottomleft@y=\dimen180
) (./sphinxlatexadmonitions.sty
Package: sphinxlatexadmonitions 2024/10/11 v8.1.1 admonitions


! LaTeX Error: File `framed.sty' not found.

Type X to quit or <RETURN> to proceed,
or enter new name. (Default extension: sty)

Enter file name: 
(./sphinxpackagefootnote.sty
Package: sphinxpackagefootnote 2024/05/17 v7.3.x Sphinx custom footnotehyper pa
ckage (Sphinx team)
\FNH@notes=\box104
\FNH@toks=\toks27
\FNH@width=\dimen181
\c@sphinxfootnotemark=\count288
)
\spx@notice@border=\dimen182
\c@sphinxtodo=\count289
) (./sphinxlatexliterals.sty
Package: sphinxlatexliterals 2024/07/01 v7.4.0 code-blocks and parsed literals


! LaTeX Error: File `framed.sty' not found.

Type X to quit or <RETURN> to proceed,
or enter new name. (Default extension: sty)

Enter file name: 
(/usr/share/texmf-dist/tex/latex/fancyvrb/fancyvrb.sty
Package: fancyvrb 2024/01/20 4.5c verbatim text (tvz,hv)
\FV@CodeLineNo=\count290
\FV@InFile=\read3
\FV@TabBox=\box105
\c@FancyVerbLine=\count291
\FV@StepNumber=\count292
\FV@OutFile=\write3
)
(/usr/share/texmf-dist/tex/latex/base/alltt.sty
Package: alltt 2021/01/29 v2.0g defines alltt environment
)

! LaTeX Error: File `upquote.sty' not found.

Type X to quit or <RETURN> to proceed,
or enter new name. (Default extension: sty)

Enter file name: 

! LaTeX Error: File `needspace.sty' not found.

Type X to quit or <RETURN> to proceed,
or enter new name. (Default extension: sty)

Enter file name: 
\sphinxcontinuationbox=\box106
\sphinxvisiblespacebox=\box107
\sphinxVerbatim@TitleBox=\box108
\sphinxVerbatim@ContentsBox=\box109
) (./sphinxlatexshadowbox.sty
Package: sphinxlatexshadowbox 2024/07/28 v8.1.0 sphinxShadowBox


! LaTeX Error: File `framed.sty' not found.

Type X to quit or <RETURN> to proceed,
or enter new name. (Default extension: sty)

Enter file name: 
) (./sphinxlatexcontainers.sty
Package: sphinxlatexcontainers 2021/05/03 containers
) (./sphinxhighlight.sty
Package: sphinxhighlight 2022/06/30 stylesheet for highlighting with pygments
)
(./sphinxlatextables.sty
Package: sphinxlatextables 2024/07/01 v7.4.0 tables


! LaTeX Error: File `tabulary.sty' not found.

Type X to quit or <RETURN> to proceed,
or enter new name. (Default extension: sty)

Enter file name: 
! Undefined control sequence.
<recently read> \newcolumntype 
                               
l.69 \newcolumntype
                   {\X}[2]{p{\dimexpr
? 
! Undefined control sequence.
l.69 \newcolumntype{\X
                      }[2]{p{\dimexpr
? 

! LaTeX Error: Missing \begin{document}.

See the LaTeX manual or LaTeX Companion for explanation.
Type  H <return>  for immediate help.
 ...                                              
                                                  
l.69 \newcolumntype{\X}[
                        2]{p{\dimexpr
? 
! You can't use `\dimexpr' in horizontal mode.
l.69 \newcolumntype{\X}[2]{p{\dimexpr
                                     
? 
! Undefined control sequence.
l.70       (\linewidth-\spx@arrayrulewidth
                                          )*#1/#2-\tw@\tabcolsep-\spx@arrayr...

? 
! Missing number, treated as zero.
<to be read again> 
                   )
l.70       (\linewidth-\spx@arrayrulewidth)
                                           *#1/#2-\tw@\tabcolsep-\spx@arrayr...

? 
! Illegal unit of measure (pt inserted).
<to be read again> 
                   )
l.70       (\linewidth-\spx@arrayrulewidth)
                                           *#1/#2-\tw@\tabcolsep-\spx@arrayr...

? 
! You can't use `macro parameter character #' in horizontal mode.
l.70       (\linewidth-\spx@arrayrulewidth)*#
                                             1/#2-\tw@\tabcolsep-\spx@arrayr...

? 
! You can't use `macro parameter character #' in horizontal mode.
l.70       (\linewidth-\spx@arrayrulewidth)*#1/#
                                                2-\tw@\tabcolsep-\spx@arrayr...

? 
! Undefined control sequence.
l.70 ...)*#1/#2-\tw@\tabcolsep-\spx@arrayrulewidth
                                                  \relax}}
? 
! Missing number, treated as zero.
<to be read again> 
                   \relax 
l.70 ...2-\tw@\tabcolsep-\spx@arrayrulewidth\relax
                                                  }}
? 
! Illegal unit of measure (pt inserted).
<to be read again> 
                   \relax 
l.70 ...2-\tw@\tabcolsep-\spx@arrayrulewidth\relax
                                                  }}
? 
! Undefined control sequence.
l.71 \newcolumntype
                   {\Y}[1]{p{\dimexpr
? 
! Undefined control sequence.
l.71 \newcolumntype{\Y
                      }[1]{p{\dimexpr
? 
! You can't use `\dimexpr' in horizontal mode.
l.71 \newcolumntype{\Y}[1]{p{\dimexpr
                                     
? 
! You can't use `macro parameter character #' in horizontal mode.
l.72       #
            1\dimexpr\linewidth-\spx@arrayrulewidth\relax-\tw@\tabcolsep-\sp...

? 
! You can't use `\dimexpr' in horizontal mode.
l.72       #1\dimexpr
                     \linewidth-\spx@arrayrulewidth\relax-\tw@\tabcolsep-\sp...

? 
! Undefined control sequence.
l.72 ...  #1\dimexpr\linewidth-\spx@arrayrulewidth
                                                  \relax-\tw@\tabcolsep-\spx...

? 
! Missing number, treated as zero.
<to be read again> 
                   \relax 
l.72 ...imexpr\linewidth-\spx@arrayrulewidth\relax
                                                  -\tw@\tabcolsep-\spx@array...

? 
! Illegal unit of measure (pt inserted).
<to be read again> 
                   \relax 
l.72 ...imexpr\linewidth-\spx@arrayrulewidth\relax
                                                  -\tw@\tabcolsep-\spx@array...

? 
! Undefined control sequence.
l.72 ...h\relax-\tw@\tabcolsep-\spx@arrayrulewidth
                                                  \relax}}
? 
! Missing number, treated as zero.
<to be read again> 
                   \relax 
l.72 ...x-\tw@\tabcolsep-\spx@arrayrulewidth\relax
                                                  }}
? 
! Illegal unit of measure (pt inserted).
<to be read again> 
                   \relax 
l.72 ...x-\tw@\tabcolsep-\spx@arrayrulewidth\relax
                                                  }}
? 
! Undefined control sequence.
l.78 \newcolumntype
                   {T}{J}%
? 
(/usr/share/texmf-dist/tex/latex/tools/longtable.sty
Package: longtable 2023-11-01 v4.19 Multi-page Table package (DPC)
\LTleft=\skip55
\LTright=\skip56
\LTpre=\skip57
\LTpost=\skip58
\LTchunksize=\count293
\LTcapwidth=\dimen183
\LT@head=\box110
\LT@firsthead=\box111
\LT@foot=\box112
\LT@lastfoot=\box113
\LT@gbox=\box114
\LT@cols=\count294
\LT@rows=\count295
\c@LT@tables=\count296
\c@LT@chunks=\count297
\LT@p@ftn=\toks28
)

! LaTeX Error: File `varwidth.sty' not found.

Type X to quit or <RETURN> to proceed,
or enter new name. (Default extension: sty)

Enter file name: 
! Undefined control sequence.
<argument> \tymin 
                  
l.225 \setlength{\tymin}{3\fontcharwd\font`0 }
                                              % minimal width of "squeezed" ...

? 

! LaTeX Error: Missing \begin{document}.

See the LaTeX manual or LaTeX Companion for explanation.
Type  H <return>  for immediate help.
 ...                                              
                                                  
l.225 \setlength{\tymin}{3\fontcharwd\font`0 }
                                              % minimal width of "squeezed" ...

? 
! You can't use `\fontcharwd' in horizontal mode.
<argument> 3\fontcharwd 
                        \font `0 
l.225 \setlength{\tymin}{3\fontcharwd\font`0 }
                                              % minimal width of "squeezed" ...

? 
! Missing control sequence inserted.
<inserted text> 
                \inaccessible 
l.225 \setlength{\tymin}{3\fontcharwd\font`0 }
                                              % minimal width of "squeezed" ...

? 
! Font \inaccessible=`0 not loadable: Metric (TFM) file not found.
<to be read again> 
                   \relax 
l.225 \setlength{\tymin}{3\fontcharwd\font`0 }
                                              % minimal width of "squeezed" ...

? 
! Undefined control sequence.
<argument> \tymax 
                  
l.226 \setlength{\tymax}{10000pt}
                                 % allow enough room for paragraphs to "comp...

? 
\sphinx@TY@tablewidth=\dimen184
! Undefined control sequence.
l.239 \expandafter\sphinx@tempa\TY@tab
                                      \sphinx@tempa
? 
Runaway argument?
\sphinx@tempa \def \sphinxstartmulticolumn ##1##2{\ifx \sphinxmultirow \ETC.
! Paragraph ended before \sphinx@tempa was complete.
<to be read again> 
                   \par 
l.420 
      
? 
(/usr/share/texmf-dist/tex/latex/colortbl/colortbl.sty
Package: colortbl 2024/02/20 v1.0g Color table columns (DPC)

(/usr/share/texmf-dist/tex/latex/tools/array.sty
Package: array 2023/10/16 v2.5g Tabular extension package (FMi)
\col@sep=\dimen185
\ar@mcellbox=\box115
\extrarowheight=\dimen186
\NC@list=\toks29
\extratabsurround=\skip59
\backup@length=\skip60
\ar@cellbox=\box116
)
\everycr=\toks30
\minrowclearance=\skip61
\rownum=\count298
)
(/usr/share/texmf-dist/tex/latex/booktabs/booktabs.sty
Package: booktabs 2020/01/12 v1.61803398 Publication quality tables
\heavyrulewidth=\dimen187
\lightrulewidth=\dimen188
\cmidrulewidth=\dimen189
\belowrulesep=\dimen190
\belowbottomsep=\dimen191
\aboverulesep=\dimen192
\abovetopsep=\dimen193
\cmidrulesep=\dimen194
\cmidrulekern=\dimen195
\defaultaddspace=\dimen196
\@cmidla=\count299
\@cmidlb=\count300
\@aboverulesep=\dimen197
\@belowrulesep=\dimen198
\@thisruleclass=\count301
\@lastruleclass=\count302
\@thisrulewidth=\dimen199
))
(./sphinxlatexnumfig.sty
Package: sphinxlatexnumfig 2024/07/31 v8.1.0 numbering
) (./sphinxlatexlists.sty
Package: sphinxlatexlists 2021/12/20 lists
\spx@lineitemlabel=\toks31
)
\c@sphinxscope=\count303
 (./sphinxlatexindbibtoc.sty
Package: sphinxlatexindbibtoc 2021/01/27 index, bib., toc

(/usr/share/texmf-dist/tex/latex/base/makeidx.sty
Package: makeidx 2021/10/04 v1.0m Standard LaTeX package
)) (./sphinxlatexstylepage.sty
Package: sphinxlatexstylepage 2021/01/27 page styling
(/usr/share/texmf-dist/tex/latex/parskip/parskip.sty
Package: parskip 2021-03-14 v2.0h non-zero parskip adjustments

(/usr/share/texmf-dist/tex/latex/etoolbox/etoolbox.sty
Package: etoolbox 2020/10/05 v2.5k e-TeX tools for LaTeX (JAW)
\etb@tempcnta=\count304
))
(/usr/share/texmf-dist/tex/latex/fancyhdr/fancyhdr.sty
Package: fancyhdr 2022/11/09 v4.1 Extensive control of page headers and footers

\f@nch@headwidth=\skip62
\f@nch@O@elh=\skip63
\f@nch@O@erh=\skip64
\f@nch@O@olh=\skip65
\f@nch@O@orh=\skip66
\f@nch@O@elf=\skip67
\f@nch@O@erf=\skip68
\f@nch@O@olf=\skip69
\f@nch@O@orf=\skip70
))
(./sphinxlatexstyleheadings.sty
Package: sphinxlatexstyleheadings 2023/02/11 headings


! LaTeX Error: File `titlesec.sty' not found.

Type X to quit or <RETURN> to proceed,
or enter new name. (Default extension: sty)

Enter file name: 

! LaTeX Error: Command \bottomtitlespace undefined.

See the LaTeX manual or LaTeX Companion for explanation.
Type  H <return>  for immediate help.
 ...                                              
                                                  
l.9 \renewcommand\bottomtitlespace
                                  {6\baselineskip}
? 
! Undefined control sequence.
l.41 \titleformat
                 {\section}{\Large\py@HeaderFamily}%
? 

! LaTeX Error: Missing \begin{document}.

See the LaTeX manual or LaTeX Companion for explanation.
Type  H <return>  for immediate help.
 ...                                              
                                                  
l.41 \titleformat{\section
                          }{\Large\py@HeaderFamily}%
? 
! Argument of \@xdblarg has an extra }.
<inserted text> 
                \par 
l.41 \titleformat{\section}
                           {\Large\py@HeaderFamily}%
? 
Runaway argument?
! Paragraph ended before \@xdblarg was complete.
<to be read again> 
                   \par 
l.41 \titleformat{\section}
                           {\Large\py@HeaderFamily}%
? 
LaTeX Font Info:    Trying to load font information for T1+qtm on input line 41
.
(/usr/share/texmf-dist/tex/latex/tex-gyre/t1qtm.fd
File: t1qtm.fd 2009/09/25 v1.2 font definition file for T1/qtm
)
! Undefined control sequence.
l.41 \titleformat{\section}{\Large\py@HeaderFamily
                                                  }%
? 

! LaTeX Error: Missing \begin{document}.

See the LaTeX manual or LaTeX Companion for explanation.
Type  H <return>  for immediate help.
 ...                                              
                                                  
l.42             {\py@TitleColor\thesection
                                           }{0.5em}{\py@TitleColor}
? 
! Undefined control sequence.
l.43 \titleformat
                 {\subsection}{\large\py@HeaderFamily}%
? 
! Argument of \@xdblarg has an extra }.
<inserted text> 
                \par 
l.43 \titleformat{\subsection}
                              {\large\py@HeaderFamily}%
? 
Runaway argument?
! Paragraph ended before \@xdblarg was complete.
<to be read again> 
                   \par 
l.43 \titleformat{\subsection}
                              {\large\py@HeaderFamily}%
? 
! Undefined control sequence.
l.43 ...format{\subsection}{\large\py@HeaderFamily
                                                  }%
? 

! LaTeX Error: Missing \begin{document}.

See the LaTeX manual or LaTeX Companion for explanation.
Type  H <return>  for immediate help.
 ...                                              
                                                  
l.44             {\py@TitleColor\thesubsection
                                              }{0.5em}{\py@TitleColor}
? 
! Undefined control sequence.
l.47 \titleformat
                 {\subsubsection}{\normalsize\py@HeaderFamily}%
? 
! Argument of \@xdblarg has an extra }.
<inserted text> 
                \par 
l.47 \titleformat{\subsubsection}
                                 {\normalsize\py@HeaderFamily}%
? 
Runaway argument?
! Paragraph ended before \@xdblarg was complete.
<to be read again> 
                   \par 
l.47 \titleformat{\subsubsection}
                                 {\normalsize\py@HeaderFamily}%
? 
! Undefined control sequence.
l.47 ...subsubsection}{\normalsize\py@HeaderFamily
                                                  }%
? 

! LaTeX Error: Missing \begin{document}.

See the LaTeX manual or LaTeX Companion for explanation.
Type  H <return>  for immediate help.
 ...                                              
                                                  
l.48             {\py@TitleColor\thesubsubsection
                                                 }{0.5em}{\py@TitleColor}
? 
! Undefined control sequence.
l.51 \titleformat
                 {\paragraph}{\normalsize\py@HeaderFamily}%
? 
! Argument of \@xdblarg has an extra }.
<inserted text> 
                \par 
l.51 \titleformat{\paragraph}
                             {\normalsize\py@HeaderFamily}%
? 
Runaway argument?
! Paragraph ended before \@xdblarg was complete.
<to be read again> 
                   \par 
l.51 \titleformat{\paragraph}
                             {\normalsize\py@HeaderFamily}%
? 
! Undefined control sequence.
l.51 ...at{\paragraph}{\normalsize\py@HeaderFamily
                                                  }%
? 

! LaTeX Error: Missing \begin{document}.

See the LaTeX manual or LaTeX Companion for explanation.
Type  H <return>  for immediate help.
 ...                                              
                                                  
l.52             {\py@TitleColor\theparagraph
                                             }{0.5em}{\py@TitleColor}
? 
! Undefined control sequence.
l.53 \titleformat
                 {\subparagraph}{\normalsize\py@HeaderFamily}%
? 
! Argument of \@xdblarg has an extra }.
<inserted text> 
                \par 
l.53 \titleformat{\subparagraph}
                                {\normalsize\py@HeaderFamily}%
? 
Runaway argument?
! Paragraph ended before \@xdblarg was complete.
<to be read again> 
                   \par 
l.53 \titleformat{\subparagraph}
                                {\normalsize\py@HeaderFamily}%
? 
! Undefined control sequence.
l.53 ...\subparagraph}{\normalsize\py@HeaderFamily
                                                  }%
? 

! LaTeX Error: Missing \begin{document}.

See the LaTeX manual or LaTeX Companion for explanation.
Type  H <return>  for immediate help.
 ...                                              
                                                  
l.54             {\py@TitleColor\thesubparagraph
                                                }{0.5em}{\py@TitleColor}
? 
) (./sphinxlatexstyletext.sty
Package: sphinxlatexstyletext 2024/07/28 v8.1.0 text styling
) (./sphinxlatexobjects.sty
Package: sphinxlatexobjects 2023/07/23 documentation environments
\sphinxsignaturesep=\skip71
\sphinxsignaturelistskip=\skip72
\py@argswidth=\skip73
\lineblockindentation=\skip74
\DUlineblockindent=\skip75
))
(/usr/share/texmf-dist/tex/latex/geometry/geometry.sty
Package: geometry 2020/01/02 v5.9 Page Geometry

(/usr/share/texmf-dist/tex/generic/iftex/ifvtex.sty
Package: ifvtex 2019/10/25 v1.7 ifvtex legacy package. Use iftex instead.

(/usr/share/texmf-dist/tex/generic/iftex/iftex.sty
Package: iftex 2022/02/03 v1.0f TeX engine tests
))
\Gm@cnth=\count305
\Gm@cntv=\count306
\c@Gm@tempcnt=\count307
\Gm@bindingoffset=\dimen256
\Gm@wd@mp=\dimen257
\Gm@odd@mp=\dimen258
\Gm@even@mp=\dimen259
\Gm@layoutwidth=\dimen260
\Gm@layoutheight=\dimen261
\Gm@layouthoffset=\dimen262
\Gm@layoutvoffset=\dimen263
\Gm@dimlist=\toks32
)
(/usr/share/texmf-dist/tex/latex/hyperref/hyperref.sty
Package: hyperref 2024-01-20 v7.01h Hypertext links for LaTeX

(/usr/share/texmf-dist/tex/generic/kvdefinekeys/kvdefinekeys.sty
Package: kvdefinekeys 2019-12-19 v1.6 Define keys (HO)
)
(/usr/share/texmf-dist/tex/generic/pdfescape/pdfescape.sty
Package: pdfescape 2019/12/09 v1.15 Implements pdfTeX's escape features (HO)

(/usr/share/texmf-dist/tex/generic/pdftexcmds/pdftexcmds.sty
Package: pdftexcmds 2020-06-27 v0.33 Utility functions of pdfTeX for LuaTeX (HO
)

(/usr/share/texmf-dist/tex/generic/infwarerr/infwarerr.sty
Package: infwarerr 2019/12/03 v1.5 Providing info/warning/error messages (HO)
)
Package pdftexcmds Info: \pdf@primitive is available.
Package pdftexcmds Info: \pdf@ifprimitive is available.
Package pdftexcmds Info: \pdfdraftmode found.
))
(/usr/share/texmf-dist/tex/latex/hycolor/hycolor.sty
Package: hycolor 2020-01-27 v1.10 Color options for hyperref/bookmark (HO)
)
(/usr/share/texmf-dist/tex/latex/auxhook/auxhook.sty
Package: auxhook 2019-12-17 v1.6 Hooks for auxiliary files (HO)
)
(/usr/share/texmf-dist/tex/latex/hyperref/nameref.sty
Package: nameref 2023-11-26 v2.56 Cross-referencing by name of section

(/usr/share/texmf-dist/tex/latex/refcount/refcount.sty
Package: refcount 2019/12/15 v3.6 Data extraction from label references (HO)
)
(/usr/share/texmf-dist/tex/generic/gettitlestring/gettitlestring.sty
Package: gettitlestring 2019/12/15 v1.6 Cleanup title references (HO)
)
\c@section@level=\count308
)
\@linkdim=\dimen264
\Hy@linkcounter=\count309
\Hy@pagecounter=\count310

(/usr/share/texmf-dist/tex/latex/hyperref/pd1enc.def
File: pd1enc.def 2024-01-20 v7.01h Hyperref: PDFDocEncoding definition (HO)
Now handling font encoding PD1 ...
... no UTF-8 mapping file for font encoding PD1
)
(/usr/share/texmf-dist/tex/generic/intcalc/intcalc.sty
Package: intcalc 2019/12/15 v1.3 Expandable calculations with integers (HO)
)
\Hy@SavedSpaceFactor=\count311

(/usr/share/texmf-dist/tex/latex/hyperref/puenc.def
File: puenc.def 2024-01-20 v7.01h Hyperref: PDF Unicode definition (HO)
Now handling font encoding PU ...
... no UTF-8 mapping file for font encoding PU
)
Package hyperref Info: Option `unicode' set `true' on input line 4062.
Package hyperref Info: Option `colorlinks' set `true' on input line 4062.
Package hyperref Info: Option `breaklinks' set `true' on input line 4062.
Package hyperref Info: Hyper figures OFF on input line 4179.
Package hyperref Info: Link nesting OFF on input line 4184.
Package hyperref Info: Hyper index ON on input line 4187.
Package hyperref Info: Plain pages OFF on input line 4194.
Package hyperref Info: Backreferencing OFF on input line 4199.
Package hyperref Info: Implicit mode ON; LaTeX internals redefined.
Package hyperref Info: Bookmarks ON on input line 4446.
\c@Hy@tempcnt=\count312

(/usr/share/texmf-dist/tex/latex/url/url.sty
\Urlmuskip=\muskip17
Package: url 2013/09/16  ver 3.4  Verb mode for urls, etc.
)
LaTeX Info: Redefining \url on input line 4784.
\XeTeXLinkMargin=\dimen265

(/usr/share/texmf-dist/tex/generic/bitset/bitset.sty
Package: bitset 2019/12/09 v1.3 Handle bit-vector datatype (HO)

(/usr/share/texmf-dist/tex/generic/bigintcalc/bigintcalc.sty
Package: bigintcalc 2019/12/15 v1.5 Expandable calculations on big integers (HO
)
))
\Fld@menulength=\count313
\Field@Width=\dimen266
\Fld@charsize=\dimen267
Package hyperref Info: Hyper figures OFF on input line 6063.
Package hyperref Info: Link nesting OFF on input line 6068.
Package hyperref Info: Hyper index ON on input line 6071.
Package hyperref Info: backreferencing OFF on input line 6078.
Package hyperref Info: Link coloring ON on input line 6081.
Package hyperref Info: Link coloring with OCG OFF on input line 6088.
Package hyperref Info: PDF/A mode OFF on input line 6093.

(/usr/share/texmf-dist/tex/latex/base/atbegshi-ltx.sty
Package: atbegshi-ltx 2021/01/10 v1.0c Emulation of the original atbegshi
package with kernel methods
)
\Hy@abspage=\count314
\c@Item=\count315
\c@Hfootnote=\count316
)
Package hyperref Info: Driver (autodetected): hpdftex.

(/usr/share/texmf-dist/tex/latex/hyperref/hpdftex.def
File: hpdftex.def 2024-01-20 v7.01h Hyperref driver for pdfTeX

(/usr/share/texmf-dist/tex/latex/base/atveryend-ltx.sty
Package: atveryend-ltx 2020/08/19 v1.0a Emulation of the original atveryend pac
kage
with kernel methods
)
\Fld@listcount=\count317
\c@bookmark@seq@number=\count318

(/usr/share/texmf-dist/tex/latex/rerunfilecheck/rerunfilecheck.sty
Package: rerunfilecheck 2022-07-10 v1.10 Rerun checks for auxiliary files (HO)

(/usr/share/texmf-dist/tex/generic/uniquecounter/uniquecounter.sty
Package: uniquecounter 2019/12/15 v1.4 Provide unlimited unique counter (HO)
)
Package uniquecounter Info: New unique counter `rerunfilecheck' on input line 2
85.
)
\Hy@SectionHShift=\skip76
)
(/usr/share/texmf-dist/tex/latex/oberdiek/hypcap.sty
Package: hypcap 2016/05/16 v1.12 Adjusting the anchors of captions (HO)

(/usr/share/texmf-dist/tex/latex/letltxmacro/letltxmacro.sty
Package: letltxmacro 2019/12/03 v1.6 Let assignment for LaTeX macros (HO)
))
(./sphinxmessages.sty
Package: sphinxmessages 2019/01/04 v2.0 Localized LaTeX macros (Sphinx team)
)
\@indexfile=\write4
\openout4 = `esp32-c3breadboardadapter.idx'.


Writing index file esp32-c3breadboardadapter.idx
(/usr/share/texmf-dist/tex/latex/l3backend/l3backend-pdftex.def
File: l3backend-pdftex.def 2024-02-20 L3 backend support: PDF output (pdfTeX)
\l__color_backend_stack_int=\count319
\l__pdf_internal_box=\box117
)
(./esp32-c3breadboardadapter.aux)
\openout1 = `esp32-c3breadboardadapter.aux'.

LaTeX Font Info:    Checking defaults for OML/cmm/m/it on input line 73.
LaTeX Font Info:    ... okay on input line 73.
LaTeX Font Info:    Checking defaults for OMS/cmsy/m/n on input line 73.
LaTeX Font Info:    ... okay on input line 73.
LaTeX Font Info:    Checking defaults for OT1/cmr/m/n on input line 73.
LaTeX Font Info:    ... okay on input line 73.
LaTeX Font Info:    Checking defaults for T1/cmr/m/n on input line 73.
LaTeX Font Info:    ... okay on input line 73.
LaTeX Font Info:    Checking defaults for TS1/cmr/m/n on input line 73.
LaTeX Font Info:    ... okay on input line 73.
LaTeX Font Info:    Checking defaults for OMX/cmex/m/n on input line 73.
LaTeX Font Info:    ... okay on input line 73.
LaTeX Font Info:    Checking defaults for U/cmr/m/n on input line 73.
LaTeX Font Info:    ... okay on input line 73.
LaTeX Font Info:    Checking defaults for PD1/pdf/m/n on input line 73.
LaTeX Font Info:    ... okay on input line 73.
LaTeX Font Info:    Checking defaults for PU/pdf/m/n on input line 73.
LaTeX Font Info:    ... okay on input line 73.

(/usr/share/texmf-dist/tex/context/base/mkii/supp-pdf.mkii
[Loading MPS to PDF converter (version 2006.09.02).]
\scratchcounter=\count320
\scratchdimen=\dimen268
\scratchbox=\box118
\nofMPsegments=\count321
\nofMParguments=\count322
\everyMPshowfont=\toks33
\MPscratchCnt=\count323
\MPscratchDim=\dimen269
\MPnumerator=\count324
\makeMPintoPDFobject=\count325
\everyMPtoPDFconversion=\toks34
) (/usr/share/texmf-dist/tex/latex/epstopdf-pkg/epstopdf-base.sty
Package: epstopdf-base 2020-01-24 v2.11 Base part for package epstopdf
Package epstopdf-base Info: Redefining graphics rule for `.eps' on input line 4
85.

(/usr/share/texmf-dist/tex/latex/latexconfig/epstopdf-sys.cfg
File: epstopdf-sys.cfg 2010/07/13 v1.3 Configuration of (r)epstopdf for TeX Liv
e
))
(/usr/share/texmf-dist/tex/latex/fontawesome5/fontawesome5.sty
(/usr/share/texmf-dist/tex/latex/l3kernel/expl3.sty
Package: expl3 2024-02-20 L3 programming layer (loader) 
)
Package: fontawesome5 2022/05/02 v5.15.4 Font Awesome 5

(/usr/share/texmf-dist/tex/latex/l3packages/l3keys2e/l3keys2e.sty
Package: l3keys2e 2024-02-18 LaTeX2e option processing using LaTeX3 keys
)
(/usr/share/texmf-dist/tex/latex/l3packages/xparse/xparse.sty
Package: xparse 2024-02-18 L3 Experimental document command parser
)
(/usr/share/texmf-dist/tex/latex/fontawesome5/fontawesome5-generic-helper.sty
Package: fontawesome5-generic-helper 2022/05/02 v5.15.4 non-uTeX helper for fon
tawesome5

(/usr/share/texmf-dist/tex/latex/fontawesome5/fontawesome5-mapping.def)))
! Undefined control sequence.
\__hook begindocument ...xpandafter {\@vwid@setup 
                                                  }}\ifdefined \@xcmidrule \...
l.73 \begin{document}
                     
? 
\c@literalblock=\count326
*geometry* driver: auto-detecting
*geometry* detected driver: pdftex
*geometry* verbose mode - [ preamble ] result:
* driver: pdftex
* paper: letterpaper
* layout: <same size as paper>
* layoutoffset:(h,v)=(0.0pt,0.0pt)
* modes: twoside 
* h-part:(L,W,R)=(72.26999pt, 469.75502pt, 72.26999pt)
* v-part:(T,H,B)=(72.26999pt, 650.43001pt, 72.26999pt)
* \paperwidth=614.295pt
* \paperheight=794.96999pt
* \textwidth=469.75502pt
* \textheight=650.43001pt
* \oddsidemargin=0.0pt
* \evensidemargin=0.0pt
* \topmargin=-37.0pt
* \headheight=12.0pt
* \headsep=25.0pt
* \topskip=10.0pt
* \footskip=30.0pt
* \marginparwidth=36.135pt
* \marginparsep=11.0pt
* \columnsep=10.0pt
* \skip\footins=9.0pt plus 4.0pt minus 2.0pt
* \hoffset=0.0pt
* \voffset=0.0pt
* \mag=1000
* \@twocolumnfalse
* \@twosidetrue
* \@mparswitchtrue
* \@reversemarginfalse
* (1in=72.27pt=25.4mm, 1cm=28.453pt)

Package hyperref Info: Link coloring ON on input line 73.
(./esp32-c3breadboardadapter.out) (./esp32-c3breadboardadapter.out)
\@outlinefile=\write5
\openout5 = `esp32-c3breadboardadapter.out'.

Package hyperref Info: Option `pageanchor' set `false' on input line 81.
 [1

{/var/lib/texmf/fonts/map/pdftex/updmap/pdftex.map}{/usr/share/texmf-dist/fonts
/enc/dvips/cm-super/cm-super-t1.enc}]
LaTeX Font Info:    Trying to load font information for T1+qhv on input line 81
.
 (/usr/share/texmf-dist/tex/latex/tex-gyre/t1qhv.fd
File: t1qhv.fd 2009/09/25 v1.2 font definition file for T1/qhv
)<<ot1.cmap>>
LaTeX Font Info:    Trying to load font information for U+msa on input line 81.

 (/usr/share/texmf-dist/tex/latex/amsfonts/umsa.fd
File: umsa.fd 2013/01/14 v3.01 AMS symbols A
)
LaTeX Font Info:    Trying to load font information for U+msb on input line 81.


(/usr/share/texmf-dist/tex/latex/amsfonts/umsb.fd
File: umsb.fd 2013/01/14 v3.01 AMS symbols B
) [1{/usr/share/texmf-dist/fonts/enc/dvips/tex-gyre/q-ec.enc}] [2


] (./esp32-c3breadboardadapter.toc)
\tf@toc=\write6
\openout6 = `esp32-c3breadboardadapter.toc'.

 [1

]
[2

]
LaTeX Font Info:    Trying to load font information for T1+txtt on input line 8
9.
 (/usr/share/texmf-dist/tex/latex/txfonts/t1txtt.fd
File: t1txtt.fd 2000/12/15 v3.1
) [1] [2

]
Chapter 1.
LaTeX Font Info:    Trying to load font information for TS1+qtm on input line 9
9.
(/usr/share/texmf-dist/tex/latex/tex-gyre/ts1qtm.fd
File: ts1qtm.fd 2009/09/25 v1.2 font definition file for TS1/qtm
) [3{/usr/share/texmf-dist/fonts/enc/dvips/tex-gyre/q-ts1.enc}] [4

]
Chapter 2.
[5] [6

]
Chapter 3.
! Undefined control sequence.
\sphinxVerbatim ...e}{\linewidth }\fi \MakeFramed 
                                                  {\advance \hsize -\width \...
l.198 \begin{sphinxVerbatim}
                            [commandchars=\\\{\},numbers=left,firstnumber=1,...

? 
! Undefined control sequence.
\sphinxVerbatim ...ramed {\advance \hsize -\width 
                                                  \@totalleftmargin \z@ \lin...
l.198 \begin{sphinxVerbatim}
                            [commandchars=\\\{\},numbers=left,firstnumber=1,...

? 
! Missing number, treated as zero.
<to be read again> 
                   \global 
l.198 \begin{sphinxVerbatim}
                            [commandchars=\\\{\},numbers=left,firstnumber=1,...

? 
! Illegal unit of measure (pt inserted).
<to be read again> 
                   \global 
l.198 \begin{sphinxVerbatim}
                            [commandchars=\\\{\},numbers=left,firstnumber=1,...

? 
LaTeX Font Info:    Font shape `T1/txtt/b/n' in size <10> not available
(Font)              Font shape `T1/txtt/bx/n' tried instead on input line 199.
LaTeX Font Info:    Font shape `T1/txtt/m/it' in size <10> not available
(Font)              Font shape `T1/txtt/m/sl' tried instead on input line 203.
LaTeX Font Info:    Trying to load font information for TS1+txtt on input line 
227.
(/usr/share/texmf-dist/tex/latex/txfonts/ts1txtt.fd
File: ts1txtt.fd 2000/12/15 v3.1
)
! You can't use `\unskip' in vertical mode.
\endsphinxVerbatim ...page}\fi \else \par \unskip 
                                                  \@minipagefalse \endMakeFr...
l.229 \end{sphinxVerbatim}
                          
? 
! Undefined control sequence.
\endsphinxVerbatim ...inipagefalse \endMakeFramed 
                                                  \ifsphinxverbatimwithminip...
l.229 \end{sphinxVerbatim}
                          
? 
[7] [8

]
Chapter 4.
[9] [10

]
Chapter 5.
[11] [12

]
Chapter 6.
(./esp32-c3breadboardadapter.ind)

Package sphinx Warning: The package pict2e is required for rounded boxes.
(sphinx)                As it does not seem to be available on your system,
(sphinx)                options setting radii have all been ignored.


Package sphinx Warning: The package ellipse is required for elliptical corners.

(sphinx)                As it does not seem to be available on your system,
(sphinx)                all non-straight corners have used circle arcs..

[13] (./esp32-c3breadboardadapter.aux)
 ***********
LaTeX2e <2023-11-01> patch level 1
L3 programming layer <2024-02-20>
 ***********
Package rerunfilecheck Info: File `esp32-c3breadboardadapter.out' has not chang
ed.
(rerunfilecheck)             Checksum: 917A495F9A24CE55402E33001418A4D7;851.
 ) 
Here is how much of TeX's memory you used:
 18997 strings out of 476076
 338225 string characters out of 5793774
 1961187 words of memory out of 5000000
 40738 multiletter control sequences out of 15000+600000
 615005 words of font info for 80 fonts, out of 8000000 for 9000
 15 hyphenation exceptions out of 8191
 72i,11n,83p,561b,517s stack positions out of 10000i,1000n,20000p,200000b,200000s
</usr/share/texmf-dist/fonts/type1/public/tex-gyre/qhvb.pfb></usr/share/texmf
-dist/fonts/type1/public/tex-gyre/qhvbi.pfb></usr/share/texmf-dist/fonts/type1/
public/tex-gyre/qtmb.pfb></usr/share/texmf-dist/fonts/type1/public/tex-gyre/qtm
r.pfb></usr/share/texmf-dist/fonts/type1/public/cm-super/sfrm1000.pfb></usr/sha
re/texmf-dist/fonts/type1/public/txfonts/t1xbtt.pfb></usr/share/texmf-dist/font
s/type1/public/txfonts/t1xtt.pfb></usr/share/texmf-dist/fonts/type1/public/txfo
nts/t1xtt.pfb></usr/share/texmf-dist/fonts/type1/public/txfonts/tcxtt.pfb>
Output written on esp32-c3breadboardadapter.pdf (18 pages, 142405 bytes).
PDF statistics:
 176 PDF objects out of 1000 (max. 8388607)
 141 compressed objects within 2 object streams
 26 named destinations out of 1000 (max. 500000)
 73 words of extra memory for PDF output out of 10000 (max. 10000000)

